---------------------------------------------------------------
[ 2018-10-12T07:54:47+08:00 ] ::1 GET dev.tp5m.com/admin/auth/loginout.html
[运行时间：0.051481s] [吞吐率：19.42req/s] [内存消耗：1,818.98kb] [文件加载：67]
[ info ] [ LANG ] /Applications/MAMP/htdocs/tpCommont/thinkphp/lang/zh-cn.php
[ info ] [ ROUTE ] array (
)
[ info ] [ HEADER ] array (
  'host' => 'dev.tp5m.com',
  'cookie' => 'thinkphp_show_page_trace=0|0; thinkphp_show_page_trace=0|0; PHPSESSID=55fde715fae5833da911ed22c7fbeefb',
  'connection' => 'keep-alive',
  'upgrade-insecure-requests' => '1',
  'accept' => 'text/html,application/xhtml+xml,application/xml;q=0.9,*/*;q=0.8',
  'user-agent' => 'Mozilla/5.0 (Macintosh; Intel Mac OS X 10_13_6) AppleWebKit/605.1.15 (KHTML, like Gecko) Version/12.0 Safari/605.1.15',
  'referer' => 'http://dev.tp5m.com/admin/index',
  'accept-language' => 'zh-cn',
  'accept-encoding' => 'gzip, deflate',
)
[ info ] [ PARAM ] array (
)
---------------------------------------------------------------
[ 2018-10-12T07:54:54+08:00 ] ::1 GET dev.tp5m.com/admin/auth/loginout.html
[运行时间：0.044319s] [吞吐率：22.56req/s] [内存消耗：1,818.59kb] [文件加载：67]
[ info ] [ LANG ] /Applications/MAMP/htdocs/tpCommont/thinkphp/lang/zh-cn.php
[ info ] [ ROUTE ] array (
)
[ info ] [ HEADER ] array (
  'host' => 'dev.tp5m.com',
  'accept' => 'text/html,application/xhtml+xml,application/xml;q=0.9,*/*;q=0.8',
  'upgrade-insecure-requests' => '1',
  'cookie' => 'thinkphp_show_page_trace=0|0; thinkphp_show_page_trace=0|0; PHPSESSID=55fde715fae5833da911ed22c7fbeefb',
  'user-agent' => 'Mozilla/5.0 (Macintosh; Intel Mac OS X 10_13_6) AppleWebKit/605.1.15 (KHTML, like Gecko) Version/12.0 Safari/605.1.15',
  'accept-language' => 'zh-cn',
  'accept-encoding' => 'gzip, deflate',
  'connection' => 'keep-alive',
)
[ info ] [ PARAM ] array (
)
---------------------------------------------------------------
[ 2018-10-12T07:54:59+08:00 ] ::1 GET dev.tp5m.com/admin/auth/loginout.html
[运行时间：0.031992s] [吞吐率：31.26req/s] [内存消耗：1,818.59kb] [文件加载：67]
[ info ] [ LANG ] /Applications/MAMP/htdocs/tpCommont/thinkphp/lang/zh-cn.php
[ info ] [ ROUTE ] array (
)
[ info ] [ HEADER ] array (
  'host' => 'dev.tp5m.com',
  'accept' => 'text/html,application/xhtml+xml,application/xml;q=0.9,*/*;q=0.8',
  'upgrade-insecure-requests' => '1',
  'cookie' => 'thinkphp_show_page_trace=0|0; thinkphp_show_page_trace=0|0; PHPSESSID=55fde715fae5833da911ed22c7fbeefb',
  'user-agent' => 'Mozilla/5.0 (Macintosh; Intel Mac OS X 10_13_6) AppleWebKit/605.1.15 (KHTML, like Gecko) Version/12.0 Safari/605.1.15',
  'accept-language' => 'zh-cn',
  'accept-encoding' => 'gzip, deflate',
  'connection' => 'keep-alive',
)
[ info ] [ PARAM ] array (
)
---------------------------------------------------------------
[ 2018-10-12T07:55:24+08:00 ] ::1 GET dev.tp5m.com/admin/auth/loginout.html
[运行时间：0.046041s] [吞吐率：21.72req/s] [内存消耗：1,818.59kb] [文件加载：67]
[ info ] [ LANG ] /Applications/MAMP/htdocs/tpCommont/thinkphp/lang/zh-cn.php
[ info ] [ ROUTE ] array (
)
[ info ] [ HEADER ] array (
  'host' => 'dev.tp5m.com',
  'accept' => 'text/html,application/xhtml+xml,application/xml;q=0.9,*/*;q=0.8',
  'upgrade-insecure-requests' => '1',
  'cookie' => 'thinkphp_show_page_trace=0|0; thinkphp_show_page_trace=0|0; PHPSESSID=55fde715fae5833da911ed22c7fbeefb',
  'user-agent' => 'Mozilla/5.0 (Macintosh; Intel Mac OS X 10_13_6) AppleWebKit/605.1.15 (KHTML, like Gecko) Version/12.0 Safari/605.1.15',
  'accept-language' => 'zh-cn',
  'accept-encoding' => 'gzip, deflate',
  'connection' => 'keep-alive',
)
[ info ] [ PARAM ] array (
)
---------------------------------------------------------------
[ 2018-10-12T07:55:24+08:00 ] ::1 GET dev.tp5m.com/admin/auth/
[运行时间：0.045523s] [吞吐率：21.97req/s] [内存消耗：1,896.88kb] [文件加载：68]
[ info ] [ LANG ] /Applications/MAMP/htdocs/tpCommont/thinkphp/lang/zh-cn.php
[ info ] [ ROUTE ] array (
)
[ info ] [ HEADER ] array (
  'host' => 'dev.tp5m.com',
  'accept' => 'text/html,application/xhtml+xml,application/xml;q=0.9,*/*;q=0.8',
  'upgrade-insecure-requests' => '1',
  'cookie' => 'thinkphp_show_page_trace=0|0; thinkphp_show_page_trace=0|0; PHPSESSID=55fde715fae5833da911ed22c7fbeefb',
  'user-agent' => 'Mozilla/5.0 (Macintosh; Intel Mac OS X 10_13_6) AppleWebKit/605.1.15 (KHTML, like Gecko) Version/12.0 Safari/605.1.15',
  'accept-language' => 'zh-cn',
  'accept-encoding' => 'gzip, deflate',
  'connection' => 'keep-alive',
)
[ info ] [ PARAM ] array (
)
[ info ] [ VIEW ] /Applications/MAMP/htdocs/tpCommont/application/admin/view/auth/index.html [ array (
) ]
---------------------------------------------------------------
[ 2018-10-12T07:55:32+08:00 ] ::1 GET dev.tp5m.com/admin/auth/checkLogin?username=admin&password=5eeab10287d949453b8e403c04675d8f
[运行时间：0.065058s] [吞吐率：15.37req/s] [内存消耗：2,662.47kb] [文件加载：68]
[ info ] [ LANG ] /Applications/MAMP/htdocs/tpCommont/thinkphp/lang/zh-cn.php
[ info ] [ ROUTE ] array (
)
[ info ] [ HEADER ] array (
  'host' => 'dev.tp5m.com',
  'accept-encoding' => 'gzip, deflate',
  'cookie' => 'thinkphp_show_page_trace=0|0; thinkphp_show_page_trace=0|0; PHPSESSID=55fde715fae5833da911ed22c7fbeefb',
  'connection' => 'keep-alive',
  'accept' => '*/*',
  'user-agent' => 'Mozilla/5.0 (Macintosh; Intel Mac OS X 10_13_6) AppleWebKit/605.1.15 (KHTML, like Gecko) Version/12.0 Safari/605.1.15',
  'referer' => 'http://dev.tp5m.com/admin/auth/',
  'accept-language' => 'zh-cn',
  'x-requested-with' => 'XMLHttpRequest',
)
[ info ] [ PARAM ] array (
  'username' => 'admin',
  'password' => '5eeab10287d949453b8e403c04675d8f',
)
[ info ] [ DB ] INIT mysql
[ sql ] [ DB ] CONNECT:[ UseTime:0.000828s ] mysql:host=localhost;port=8889;dbname=works;charset=utf8
[ sql ] [ SQL ] SHOW COLUMNS FROM `mh_admin` [ RunTime:0.008701s ]
[ sql ] [ SQL ] SELECT * FROM `mh_admin` WHERE  ( `name` = 'admin' OR `tel` = 'admin' OR `email` = 'admin' ) LIMIT 1 [ RunTime:0.005045s ]
---------------------------------------------------------------
[ 2018-10-12T07:55:40+08:00 ] ::1 GET dev.tp5m.com/admin/auth/checkLogin?username=admin&password=e10adc3949ba59abbe56e057f20f883e
[运行时间：0.042400s] [吞吐率：23.58req/s] [内存消耗：2,662.47kb] [文件加载：68]
[ info ] [ LANG ] /Applications/MAMP/htdocs/tpCommont/thinkphp/lang/zh-cn.php
[ info ] [ ROUTE ] array (
)
[ info ] [ HEADER ] array (
  'host' => 'dev.tp5m.com',
  'accept-encoding' => 'gzip, deflate',
  'cookie' => 'thinkphp_show_page_trace=0|0; thinkphp_show_page_trace=0|0; PHPSESSID=55fde715fae5833da911ed22c7fbeefb',
  'connection' => 'keep-alive',
  'accept' => '*/*',
  'user-agent' => 'Mozilla/5.0 (Macintosh; Intel Mac OS X 10_13_6) AppleWebKit/605.1.15 (KHTML, like Gecko) Version/12.0 Safari/605.1.15',
  'referer' => 'http://dev.tp5m.com/admin/auth/',
  'accept-language' => 'zh-cn',
  'x-requested-with' => 'XMLHttpRequest',
)
[ info ] [ PARAM ] array (
  'username' => 'admin',
  'password' => 'e10adc3949ba59abbe56e057f20f883e',
)
[ info ] [ DB ] INIT mysql
[ sql ] [ DB ] CONNECT:[ UseTime:0.000349s ] mysql:host=localhost;port=8889;dbname=works;charset=utf8
[ sql ] [ SQL ] SHOW COLUMNS FROM `mh_admin` [ RunTime:0.003693s ]
[ sql ] [ SQL ] SELECT * FROM `mh_admin` WHERE  ( `name` = 'admin' OR `tel` = 'admin' OR `email` = 'admin' ) LIMIT 1 [ RunTime:0.000498s ]
---------------------------------------------------------------
[ 2018-10-12T07:55:46+08:00 ] ::1 GET dev.tp5m.com/admin/auth/checkLogin?username=admin&password=e10adc3949ba59abbe56e057f20f883e
[运行时间：0.046413s] [吞吐率：21.55req/s] [内存消耗：2,662.47kb] [文件加载：68]
[ info ] [ LANG ] /Applications/MAMP/htdocs/tpCommont/thinkphp/lang/zh-cn.php
[ info ] [ ROUTE ] array (
)
[ info ] [ HEADER ] array (
  'host' => 'dev.tp5m.com',
  'accept-encoding' => 'gzip, deflate',
  'cookie' => 'thinkphp_show_page_trace=0|0; thinkphp_show_page_trace=0|0; PHPSESSID=55fde715fae5833da911ed22c7fbeefb',
  'connection' => 'keep-alive',
  'accept' => '*/*',
  'user-agent' => 'Mozilla/5.0 (Macintosh; Intel Mac OS X 10_13_6) AppleWebKit/605.1.15 (KHTML, like Gecko) Version/12.0 Safari/605.1.15',
  'referer' => 'http://dev.tp5m.com/admin/auth/',
  'accept-language' => 'zh-cn',
  'x-requested-with' => 'XMLHttpRequest',
)
[ info ] [ PARAM ] array (
  'username' => 'admin',
  'password' => 'e10adc3949ba59abbe56e057f20f883e',
)
[ info ] [ DB ] INIT mysql
[ sql ] [ DB ] CONNECT:[ UseTime:0.000379s ] mysql:host=localhost;port=8889;dbname=works;charset=utf8
[ sql ] [ SQL ] SHOW COLUMNS FROM `mh_admin` [ RunTime:0.003677s ]
[ sql ] [ SQL ] SELECT * FROM `mh_admin` WHERE  ( `name` = 'admin' OR `tel` = 'admin' OR `email` = 'admin' ) LIMIT 1 [ RunTime:0.000497s ]
---------------------------------------------------------------
[ 2018-10-12T07:55:52+08:00 ] ::1 GET dev.tp5m.com/admin/auth/checkLogin?username=admin&password=7fef6171469e80d32c0559f88b377245
[运行时间：0.172290s] [吞吐率：5.80req/s] [内存消耗：2,720.91kb] [文件加载：69]
[ info ] [ LANG ] /Applications/MAMP/htdocs/tpCommont/thinkphp/lang/zh-cn.php
[ info ] [ ROUTE ] array (
)
[ info ] [ HEADER ] array (
  'host' => 'dev.tp5m.com',
  'accept-encoding' => 'gzip, deflate',
  'cookie' => 'thinkphp_show_page_trace=0|0; thinkphp_show_page_trace=0|0; PHPSESSID=55fde715fae5833da911ed22c7fbeefb',
  'connection' => 'keep-alive',
  'accept' => '*/*',
  'user-agent' => 'Mozilla/5.0 (Macintosh; Intel Mac OS X 10_13_6) AppleWebKit/605.1.15 (KHTML, like Gecko) Version/12.0 Safari/605.1.15',
  'referer' => 'http://dev.tp5m.com/admin/auth/',
  'accept-language' => 'zh-cn',
  'x-requested-with' => 'XMLHttpRequest',
)
[ info ] [ PARAM ] array (
  'username' => 'admin',
  'password' => '7fef6171469e80d32c0559f88b377245',
)
[ info ] [ DB ] INIT mysql
[ info ] [ DB ] INIT mysql
[ info ] [ DB ] INIT mysql
[ sql ] [ DB ] CONNECT:[ UseTime:0.000320s ] mysql:host=localhost;port=8889;dbname=works;charset=utf8
[ sql ] [ SQL ] SHOW COLUMNS FROM `mh_admin` [ RunTime:0.003771s ]
[ sql ] [ SQL ] SELECT * FROM `mh_admin` WHERE  ( `name` = 'admin' OR `tel` = 'admin' OR `email` = 'admin' ) LIMIT 1 [ RunTime:0.000498s ]
[ sql ] [ DB ] CONNECT:[ UseTime:0.000339s ] mysql:host=localhost;port=8889;dbname=works;charset=utf8
[ sql ] [ SQL ] UPDATE `mh_admin`  SET `inc` = 148 , `last_logintime` = '1539302152' , `last_ip` = '127.0.0.1'  WHERE  `id` = 1 [ RunTime:0.007046s ]
[ sql ] [ DB ] CONNECT:[ UseTime:0.000629s ] mysql:host=localhost;port=8889;dbname=works;charset=utf8
[ sql ] [ SQL ] SHOW COLUMNS FROM `mh_log` [ RunTime:0.006187s ]
[ sql ] [ SQL ] INSERT INTO `mh_log` (`user_id` , `add_time` , `type` , `content` , `ip` , `addr`) VALUES (1 , 1539302152 , 0 , 'admin 登录成功' , '::1' , '广东-深圳') [ RunTime:0.001810s ]
---------------------------------------------------------------
[ 2018-10-12T07:55:54+08:00 ] ::1 GET dev.tp5m.com/admin/index
[运行时间：0.074129s] [吞吐率：13.49req/s] [内存消耗：2,979.15kb] [文件加载：77]
[ info ] [ LANG ] /Applications/MAMP/htdocs/tpCommont/thinkphp/lang/zh-cn.php
[ info ] [ ROUTE ] array (
)
[ info ] [ HEADER ] array (
  'host' => 'dev.tp5m.com',
  'cookie' => 'thinkphp_show_page_trace=0|0; PHPSESSID=55fde715fae5833da911ed22c7fbeefb',
  'connection' => 'keep-alive',
  'upgrade-insecure-requests' => '1',
  'accept' => 'text/html,application/xhtml+xml,application/xml;q=0.9,*/*;q=0.8',
  'user-agent' => 'Mozilla/5.0 (Macintosh; Intel Mac OS X 10_13_6) AppleWebKit/605.1.15 (KHTML, like Gecko) Version/12.0 Safari/605.1.15',
  'referer' => 'http://dev.tp5m.com/admin/auth/',
  'accept-language' => 'zh-cn',
  'accept-encoding' => 'gzip, deflate',
)
[ info ] [ PARAM ] array (
)
[ info ] [ DB ] INIT mysql
[ info ] [ DB ] INIT mysql
[ info ] [ DB ] INIT mysql
[ info ] [ VIEW ] /Applications/MAMP/htdocs/tpCommont/application/admin/view/index/index.html [ array (
  0 => 'oneNodeList',
  1 => 'twoNodeList',
) ]
[ sql ] [ DB ] CONNECT:[ UseTime:0.000322s ] mysql:host=localhost;port=8889;dbname=works;charset=utf8
[ sql ] [ SQL ] SHOW COLUMNS FROM `mh_node` [ RunTime:0.005627s ]
[ sql ] [ SQL ] SELECT * FROM `mh_node` WHERE  `status` = 1  AND `level` = 0 ORDER BY `ord` ASC [ RunTime:0.001317s ]
[ sql ] [ DB ] CONNECT:[ UseTime:0.000314s ] mysql:host=localhost;port=8889;dbname=works;charset=utf8
[ sql ] [ SQL ] SELECT * FROM `mh_node` WHERE  `status` = 1  AND `level` = 1 ORDER BY `ord` ASC [ RunTime:0.000991s ]
[ sql ] [ SQL ] SHOW COLUMNS FROM `mh_admin_role` [ RunTime:0.004589s ]
[ sql ] [ SQL ] SELECT `r`.`name` FROM `mh_admin_role` `a` INNER JOIN `mh_role` `r` ON `r`.`id`=`a`.`role_id` WHERE  `a`.`a_id` = '1' LIMIT 1 [ RunTime:0.005164s ]
---------------------------------------------------------------
[ 2018-10-12T07:55:57+08:00 ] ::1 GET dev.tp5m.com/admin/system/changePwd.html?_=1539302154790
[运行时间：0.062221s] [吞吐率：16.07req/s] [内存消耗：2,841.07kb] [文件加载：75]
[ info ] [ LANG ] /Applications/MAMP/htdocs/tpCommont/thinkphp/lang/zh-cn.php
[ info ] [ ROUTE ] array (
)
[ info ] [ HEADER ] array (
  'host' => 'dev.tp5m.com',
  'accept-encoding' => 'gzip, deflate',
  'cookie' => 'thinkphp_show_page_trace=0|0; PHPSESSID=55fde715fae5833da911ed22c7fbeefb',
  'connection' => 'keep-alive',
  'accept' => '*/*',
  'user-agent' => 'Mozilla/5.0 (Macintosh; Intel Mac OS X 10_13_6) AppleWebKit/605.1.15 (KHTML, like Gecko) Version/12.0 Safari/605.1.15',
  'referer' => 'http://dev.tp5m.com/admin/index',
  'accept-language' => 'zh-cn',
  'x-requested-with' => 'XMLHttpRequest',
)
[ info ] [ PARAM ] array (
  '_' => '1539302154790',
)
[ info ] [ DB ] INIT mysql
[ info ] [ VIEW ] /Applications/MAMP/htdocs/tpCommont/application/admin/view/system/changepwd.html [ array (
) ]
[ sql ] [ DB ] CONNECT:[ UseTime:0.000432s ] mysql:host=localhost;port=8889;dbname=works;charset=utf8
[ sql ] [ SQL ] SHOW COLUMNS FROM `mh_node` [ RunTime:0.005116s ]
[ sql ] [ SQL ] SELECT * FROM `mh_node` WHERE  `status` = 1  AND `level` = 0 ORDER BY `ord` ASC [ RunTime:0.000499s ]
---------------------------------------------------------------
[ 2018-10-12T07:56:12+08:00 ] ::1 POST dev.tp5m.com/admin/System/changePwd?callbackType=closeCurrent
[运行时间：0.084714s] [吞吐率：11.80req/s] [内存消耗：3,026.87kb] [文件加载：77]
[ info ] [ LANG ] /Applications/MAMP/htdocs/tpCommont/thinkphp/lang/zh-cn.php
[ info ] [ ROUTE ] array (
)
[ info ] [ HEADER ] array (
  'host' => 'dev.tp5m.com',
  'accept' => 'application/json, text/javascript, */*; q=0.01',
  'x-requested-with' => 'XMLHttpRequest',
  'accept-language' => 'zh-cn',
  'accept-encoding' => 'gzip, deflate',
  'content-type' => 'application/x-www-form-urlencoded; charset=UTF-8',
  'origin' => 'http://dev.tp5m.com',
  'user-agent' => 'Mozilla/5.0 (Macintosh; Intel Mac OS X 10_13_6) AppleWebKit/605.1.15 (KHTML, like Gecko) Version/12.0 Safari/605.1.15',
  'connection' => 'keep-alive',
  'referer' => 'http://dev.tp5m.com/admin/index',
  'content-length' => '59',
  'cookie' => 'thinkphp_show_page_trace=0|0; PHPSESSID=55fde715fae5833da911ed22c7fbeefb',
)
[ info ] [ PARAM ] array (
  'callbackType' => 'closeCurrent',
  'oldPassword' => 'admin888',
  'newPassword' => '123456',
  'rnewPassword' => '123456',
)
[ info ] [ DB ] INIT mysql
[ info ] [ DB ] INIT mysql
[ info ] [ DB ] INIT mysql
[ sql ] [ DB ] CONNECT:[ UseTime:0.000379s ] mysql:host=localhost;port=8889;dbname=works;charset=utf8
[ sql ] [ SQL ] SHOW COLUMNS FROM `mh_node` [ RunTime:0.003632s ]
[ sql ] [ SQL ] SELECT * FROM `mh_node` WHERE  `status` = 1  AND `level` = 0 ORDER BY `ord` ASC [ RunTime:0.000487s ]
[ sql ] [ DB ] CONNECT:[ UseTime:0.000276s ] mysql:host=localhost;port=8889;dbname=works;charset=utf8
[ sql ] [ SQL ] SHOW COLUMNS FROM `mh_admin` [ RunTime:0.003414s ]
[ sql ] [ SQL ] SELECT * FROM `mh_admin` WHERE  `id` = 1 LIMIT 1 [ RunTime:0.000992s ]
[ sql ] [ DB ] CONNECT:[ UseTime:0.000419s ] mysql:host=localhost;port=8889;dbname=works;charset=utf8
[ sql ] [ SQL ] UPDATE `mh_admin`  SET `password` = '14e1b600b1fd579f47433b88e8d85291'  WHERE  `id` = 1 [ RunTime:0.000815s ]
---------------------------------------------------------------
[ 2018-10-12T07:56:12+08:00 ] ::1 GET dev.tp5m.com/admin/System/index.html
[运行时间：0.030669s] [吞吐率：32.61req/s] [内存消耗：1,950.26kb] [文件加载：70]
[ info ] [ LANG ] /Applications/MAMP/htdocs/tpCommont/thinkphp/lang/zh-cn.php
[ info ] [ ROUTE ] array (
)
[ info ] [ HEADER ] array (
  'host' => 'dev.tp5m.com',
  'origin' => 'http://dev.tp5m.com',
  'x-requested-with' => 'XMLHttpRequest',
  'cookie' => 'thinkphp_show_page_trace=0|0; PHPSESSID=55fde715fae5833da911ed22c7fbeefb',
  'connection' => 'keep-alive',
  'accept' => 'application/json, text/javascript, */*; q=0.01',
  'user-agent' => 'Mozilla/5.0 (Macintosh; Intel Mac OS X 10_13_6) AppleWebKit/605.1.15 (KHTML, like Gecko) Version/12.0 Safari/605.1.15',
  'accept-language' => 'zh-cn',
  'referer' => 'http://dev.tp5m.com/admin/index',
  'accept-encoding' => 'gzip, deflate',
)
[ info ] [ PARAM ] array (
)
---------------------------------------------------------------
[ 2018-10-12T07:56:12+08:00 ] ::1 GET dev.tp5m.com/admin/Auth/index.html
[运行时间：0.029974s] [吞吐率：33.36req/s] [内存消耗：1,873.12kb] [文件加载：68]
[ info ] [ LANG ] /Applications/MAMP/htdocs/tpCommont/thinkphp/lang/zh-cn.php
[ info ] [ ROUTE ] array (
)
[ info ] [ HEADER ] array (
  'host' => 'dev.tp5m.com',
  'origin' => 'http://dev.tp5m.com',
  'x-requested-with' => 'XMLHttpRequest',
  'cookie' => 'thinkphp_show_page_trace=0|0; PHPSESSID=55fde715fae5833da911ed22c7fbeefb',
  'connection' => 'keep-alive',
  'accept' => 'application/json, text/javascript, */*; q=0.01',
  'user-agent' => 'Mozilla/5.0 (Macintosh; Intel Mac OS X 10_13_6) AppleWebKit/605.1.15 (KHTML, like Gecko) Version/12.0 Safari/605.1.15',
  'accept-language' => 'zh-cn',
  'referer' => 'http://dev.tp5m.com/admin/index',
  'accept-encoding' => 'gzip, deflate',
)
[ info ] [ PARAM ] array (
)
[ info ] [ VIEW ] /Applications/MAMP/htdocs/tpCommont/application/admin/view/auth/index.html [ array (
) ]
---------------------------------------------------------------
[ 2018-10-12T07:56:56+08:00 ] ::1 GET dev.tp5m.com/admin/auth/systemInfo.html?_=1539302154791
[运行时间：0.046282s] [吞吐率：21.61req/s] [内存消耗：1,957.80kb] [文件加载：69]
[ info ] [ LANG ] /Applications/MAMP/htdocs/tpCommont/thinkphp/lang/zh-cn.php
[ info ] [ ROUTE ] array (
)
[ info ] [ HEADER ] array (
  'host' => 'dev.tp5m.com',
  'accept-encoding' => 'gzip, deflate',
  'cookie' => 'thinkphp_show_page_trace=0|0; thinkphp_show_page_trace=0|0; PHPSESSID=55fde715fae5833da911ed22c7fbeefb',
  'connection' => 'keep-alive',
  'accept' => '*/*',
  'user-agent' => 'Mozilla/5.0 (Macintosh; Intel Mac OS X 10_13_6) AppleWebKit/605.1.15 (KHTML, like Gecko) Version/12.0 Safari/605.1.15',
  'referer' => 'http://dev.tp5m.com/admin/index',
  'accept-language' => 'zh-cn',
  'x-requested-with' => 'XMLHttpRequest',
)
[ info ] [ PARAM ] array (
  '_' => '1539302154791',
)
[ info ] [ VIEW ] /Applications/MAMP/htdocs/tpCommont/application/admin/view/auth/system_info.html [ array (
  0 => 'info',
) ]
---------------------------------------------------------------
[ 2018-10-12T07:57:04+08:00 ] ::1 GET dev.tp5m.com/admin/Node/index.html?_=1539302154792
[运行时间：0.072392s] [吞吐率：13.81req/s] [内存消耗：2,844.46kb] [文件加载：75]
[ info ] [ LANG ] /Applications/MAMP/htdocs/tpCommont/thinkphp/lang/zh-cn.php
[ info ] [ ROUTE ] array (
)
[ info ] [ HEADER ] array (
  'host' => 'dev.tp5m.com',
  'accept-encoding' => 'gzip, deflate',
  'cookie' => 'thinkphp_show_page_trace=0|0; PHPSESSID=55fde715fae5833da911ed22c7fbeefb',
  'connection' => 'keep-alive',
  'accept' => '*/*',
  'user-agent' => 'Mozilla/5.0 (Macintosh; Intel Mac OS X 10_13_6) AppleWebKit/605.1.15 (KHTML, like Gecko) Version/12.0 Safari/605.1.15',
  'referer' => 'http://dev.tp5m.com/admin/index',
  'accept-language' => 'zh-cn',
  'x-requested-with' => 'XMLHttpRequest',
)
[ info ] [ PARAM ] array (
  '_' => '1539302154792',
)
[ info ] [ DB ] INIT mysql
[ sql ] [ DB ] CONNECT:[ UseTime:0.000317s ] mysql:host=localhost;port=8889;dbname=works;charset=utf8
[ sql ] [ SQL ] SHOW COLUMNS FROM `mh_node` [ RunTime:0.002711s ]
[ sql ] [ SQL ] SELECT `id`,`name` FROM `mh_node` WHERE  `status` = 1  AND `level` = 0 [ RunTime:0.000725s ]
---------------------------------------------------------------
[ 2018-10-12T07:57:04+08:00 ] ::1 GET dev.tp5m.com/admin/Auth/index.html
[运行时间：0.034679s] [吞吐率：28.84req/s] [内存消耗：1,872.99kb] [文件加载：68]
[ info ] [ LANG ] /Applications/MAMP/htdocs/tpCommont/thinkphp/lang/zh-cn.php
[ info ] [ ROUTE ] array (
)
[ info ] [ HEADER ] array (
  'host' => 'dev.tp5m.com',
  'x-requested-with' => 'XMLHttpRequest',
  'cookie' => 'thinkphp_show_page_trace=0|0; PHPSESSID=55fde715fae5833da911ed22c7fbeefb',
  'connection' => 'keep-alive',
  'accept' => '*/*',
  'user-agent' => 'Mozilla/5.0 (Macintosh; Intel Mac OS X 10_13_6) AppleWebKit/605.1.15 (KHTML, like Gecko) Version/12.0 Safari/605.1.15',
  'accept-language' => 'zh-cn',
  'referer' => 'http://dev.tp5m.com/admin/index',
  'accept-encoding' => 'gzip, deflate',
)
[ info ] [ PARAM ] array (
)
[ info ] [ VIEW ] /Applications/MAMP/htdocs/tpCommont/application/admin/view/auth/index.html [ array (
) ]
