---------------------------------------------------------------
[ 2018-10-19T19:28:50+08:00 ] ::1 GET dev.tp5m.com/
[运行时间：0.098098s] [吞吐率：10.19req/s] [内存消耗：1,797.45kb] [文件加载：65]
[ info ] [ LANG ] /Applications/MAMP/htdocs/tpCommont/thinkphp/lang/zh-cn.php
[ info ] [ ROUTE ] array (
)
[ info ] [ HEADER ] array (
  'host' => 'dev.tp5m.com',
  'user-agent' => 'Mozilla/5.0 (Macintosh; Intel Mac OS X 10.13; rv:62.0) Gecko/20100101 Firefox/62.0',
  'accept' => 'text/html,application/xhtml+xml,application/xml;q=0.9,*/*;q=0.8',
  'accept-language' => 'zh-CN,zh;q=0.8,zh-TW;q=0.7,zh-HK;q=0.5,en-US;q=0.3,en;q=0.2',
  'accept-encoding' => 'gzip, deflate',
  'connection' => 'keep-alive',
  'upgrade-insecure-requests' => '1',
)
[ info ] [ PARAM ] array (
)
[ info ] [ VIEW ] /Applications/MAMP/htdocs/tpCommont/application/index/view/index/index.html [ array (
) ]
---------------------------------------------------------------
[ 2018-10-19T19:29:10+08:00 ] ::1 GET dev.tp5m.com/admin
[运行时间：0.065210s] [吞吐率：15.34req/s] [内存消耗：1,939.85kb] [文件加载：70]
[ info ] [ LANG ] /Applications/MAMP/htdocs/tpCommont/thinkphp/lang/zh-cn.php
[ info ] [ ROUTE ] array (
)
[ info ] [ HEADER ] array (
  'host' => 'dev.tp5m.com',
  'user-agent' => 'Mozilla/5.0 (Macintosh; Intel Mac OS X 10.13; rv:62.0) Gecko/20100101 Firefox/62.0',
  'accept' => 'text/html,application/xhtml+xml,application/xml;q=0.9,*/*;q=0.8',
  'accept-language' => 'zh-CN,zh;q=0.8,zh-TW;q=0.7,zh-HK;q=0.5,en-US;q=0.3,en;q=0.2',
  'accept-encoding' => 'gzip, deflate',
  'cookie' => 'thinkphp_show_page_trace=0|0',
  'connection' => 'keep-alive',
  'upgrade-insecure-requests' => '1',
)
[ info ] [ PARAM ] array (
)
---------------------------------------------------------------
[ 2018-10-19T19:29:10+08:00 ] ::1 GET dev.tp5m.com/admin/Auth/index.html
[运行时间：0.043770s] [吞吐率：22.85req/s] [内存消耗：1,896.98kb] [文件加载：68]
[ info ] [ LANG ] /Applications/MAMP/htdocs/tpCommont/thinkphp/lang/zh-cn.php
[ info ] [ ROUTE ] array (
)
[ info ] [ HEADER ] array (
  'host' => 'dev.tp5m.com',
  'user-agent' => 'Mozilla/5.0 (Macintosh; Intel Mac OS X 10.13; rv:62.0) Gecko/20100101 Firefox/62.0',
  'accept' => 'text/html,application/xhtml+xml,application/xml;q=0.9,*/*;q=0.8',
  'accept-language' => 'zh-CN,zh;q=0.8,zh-TW;q=0.7,zh-HK;q=0.5,en-US;q=0.3,en;q=0.2',
  'accept-encoding' => 'gzip, deflate',
  'cookie' => 'thinkphp_show_page_trace=0|0; PHPSESSID=fb8b1797c1bc236ee68bccefd990a09f',
  'connection' => 'keep-alive',
  'upgrade-insecure-requests' => '1',
)
[ info ] [ PARAM ] array (
)
[ info ] [ VIEW ] /Applications/MAMP/htdocs/tpCommont/application/admin/view/auth/index.html [ array (
) ]
---------------------------------------------------------------
[ 2018-10-19T19:29:16+08:00 ] ::1 GET dev.tp5m.com/admin/auth/checkLogin?username=admin&password=e10adc3949ba59abbe56e057f20f883e
[运行时间：0.233803s] [吞吐率：4.28req/s] [内存消耗：2,720.93kb] [文件加载：69]
[ info ] [ LANG ] /Applications/MAMP/htdocs/tpCommont/thinkphp/lang/zh-cn.php
[ info ] [ ROUTE ] array (
)
[ info ] [ HEADER ] array (
  'host' => 'dev.tp5m.com',
  'user-agent' => 'Mozilla/5.0 (Macintosh; Intel Mac OS X 10.13; rv:62.0) Gecko/20100101 Firefox/62.0',
  'accept' => '*/*',
  'accept-language' => 'zh-CN,zh;q=0.8,zh-TW;q=0.7,zh-HK;q=0.5,en-US;q=0.3,en;q=0.2',
  'accept-encoding' => 'gzip, deflate',
  'referer' => 'http://dev.tp5m.com/admin/Auth/index.html',
  'x-requested-with' => 'XMLHttpRequest',
  'cookie' => 'thinkphp_show_page_trace=0|0; PHPSESSID=fb8b1797c1bc236ee68bccefd990a09f',
  'connection' => 'keep-alive',
)
[ info ] [ PARAM ] array (
  'username' => 'admin',
  'password' => 'e10adc3949ba59abbe56e057f20f883e',
)
[ info ] [ DB ] INIT mysql
[ info ] [ DB ] INIT mysql
[ info ] [ DB ] INIT mysql
[ sql ] [ DB ] CONNECT:[ UseTime:0.002722s ] mysql:host=localhost;port=8889;dbname=works;charset=utf8
[ sql ] [ SQL ] SHOW COLUMNS FROM `mh_admin` [ RunTime:0.013833s ]
[ sql ] [ SQL ] SELECT * FROM `mh_admin` WHERE  ( `name` = 'admin' OR `tel` = 'admin' OR `email` = 'admin' ) LIMIT 1 [ RunTime:0.000842s ]
[ sql ] [ DB ] CONNECT:[ UseTime:0.000603s ] mysql:host=localhost;port=8889;dbname=works;charset=utf8
[ sql ] [ SQL ] UPDATE `mh_admin`  SET `inc` = 149 , `last_logintime` = '1539948555' , `last_ip` = '127.0.0.1'  WHERE  `id` = 1 [ RunTime:0.003761s ]
[ sql ] [ DB ] CONNECT:[ UseTime:0.000610s ] mysql:host=localhost;port=8889;dbname=works;charset=utf8
[ sql ] [ SQL ] SHOW COLUMNS FROM `mh_log` [ RunTime:0.005162s ]
[ sql ] [ SQL ] INSERT INTO `mh_log` (`user_id` , `add_time` , `type` , `content` , `ip` , `addr`) VALUES (1 , 1539948555 , 0 , 'admin 登录成功' , '::1' , '广东-深圳') [ RunTime:0.000764s ]
---------------------------------------------------------------
[ 2018-10-19T19:29:16+08:00 ] ::1 GET dev.tp5m.com/admin/index
[运行时间：0.101306s] [吞吐率：9.87req/s] [内存消耗：2,979.19kb] [文件加载：77]
[ info ] [ LANG ] /Applications/MAMP/htdocs/tpCommont/thinkphp/lang/zh-cn.php
[ info ] [ ROUTE ] array (
)
[ info ] [ HEADER ] array (
  'host' => 'dev.tp5m.com',
  'user-agent' => 'Mozilla/5.0 (Macintosh; Intel Mac OS X 10.13; rv:62.0) Gecko/20100101 Firefox/62.0',
  'accept' => 'text/html,application/xhtml+xml,application/xml;q=0.9,*/*;q=0.8',
  'accept-language' => 'zh-CN,zh;q=0.8,zh-TW;q=0.7,zh-HK;q=0.5,en-US;q=0.3,en;q=0.2',
  'accept-encoding' => 'gzip, deflate',
  'referer' => 'http://dev.tp5m.com/admin/Auth/index.html',
  'cookie' => 'thinkphp_show_page_trace=0|0; PHPSESSID=fb8b1797c1bc236ee68bccefd990a09f',
  'connection' => 'keep-alive',
  'upgrade-insecure-requests' => '1',
)
[ info ] [ PARAM ] array (
)
[ info ] [ DB ] INIT mysql
[ info ] [ DB ] INIT mysql
[ info ] [ DB ] INIT mysql
[ info ] [ VIEW ] /Applications/MAMP/htdocs/tpCommont/application/admin/view/index/index.html [ array (
  0 => 'oneNodeList',
  1 => 'twoNodeList',
) ]
[ sql ] [ DB ] CONNECT:[ UseTime:0.000350s ] mysql:host=localhost;port=8889;dbname=works;charset=utf8
[ sql ] [ SQL ] SHOW COLUMNS FROM `mh_node` [ RunTime:0.005820s ]
[ sql ] [ SQL ] SELECT * FROM `mh_node` WHERE  `status` = 1  AND `level` = 0 ORDER BY `ord` ASC [ RunTime:0.002022s ]
[ sql ] [ DB ] CONNECT:[ UseTime:0.000328s ] mysql:host=localhost;port=8889;dbname=works;charset=utf8
[ sql ] [ SQL ] SELECT * FROM `mh_node` WHERE  `status` = 1  AND `level` = 1 ORDER BY `ord` ASC [ RunTime:0.000858s ]
[ sql ] [ SQL ] SHOW COLUMNS FROM `mh_admin_role` [ RunTime:0.006090s ]
[ sql ] [ SQL ] SELECT `r`.`name` FROM `mh_admin_role` `a` INNER JOIN `mh_role` `r` ON `r`.`id`=`a`.`role_id` WHERE  `a`.`a_id` = '1' LIMIT 1 [ RunTime:0.004491s ]
