---------------------------------------------------------------
[ 2018-10-24T10:28:34+08:00 ] 127.0.0.1 GET dev.tpcommont.com/
[运行时间：1.103747s] [吞吐率：0.91req/s] [内存消耗：2,000.24kb] [文件加载：67]
[ info ] [ LANG ] E:\phpStudy\PHPTutorial\WWW\TpCommon\thinkphp\lang\zh-cn.php
[ info ] [ ROUTE ] array (
)
[ info ] [ HEADER ] array (
  'upgrade-insecure-requests' => '1',
  'connection' => 'close',
  'cookie' => 'thinkphp_show_page_trace=0|0; PHPSESSID=7vgldmgofs3oam9m268gh7gjc7',
  'accept-encoding' => 'gzip, deflate',
  'accept-language' => 'zh-CN,zh;q=0.8,zh-TW;q=0.7,zh-HK;q=0.5,en-US;q=0.3,en;q=0.2',
  'accept' => 'text/html,application/xhtml+xml,application/xml;q=0.9,*/*;q=0.8',
  'user-agent' => 'Mozilla/5.0 (Windows NT 10.0; Win64; x64; rv:62.0) Gecko/20100101 Firefox/62.0',
  'host' => 'dev.tpcommont.com',
)
[ info ] [ PARAM ] array (
)
[ info ] [ VIEW ] E:\phpStudy\PHPTutorial\WWW\TpCommon\application\index\view\index\index.html [ array (
) ]
---------------------------------------------------------------
[ 2018-10-24T10:28:40+08:00 ] 127.0.0.1 GET dev.tpcommont.com/admin
[运行时间：1.044781s] [吞吐率：0.96req/s] [内存消耗：1,863.02kb] [文件加载：66]
[ info ] [ LANG ] E:\phpStudy\PHPTutorial\WWW\TpCommon\thinkphp\lang\zh-cn.php
[ info ] [ ROUTE ] array (
)
[ info ] [ HEADER ] array (
  'upgrade-insecure-requests' => '1',
  'connection' => 'close',
  'cookie' => 'thinkphp_show_page_trace=0|0; thinkphp_show_page_trace=0|0; PHPSESSID=7vgldmgofs3oam9m268gh7gjc7',
  'accept-encoding' => 'gzip, deflate',
  'accept-language' => 'zh-CN,zh;q=0.8,zh-TW;q=0.7,zh-HK;q=0.5,en-US;q=0.3,en;q=0.2',
  'accept' => 'text/html,application/xhtml+xml,application/xml;q=0.9,*/*;q=0.8',
  'user-agent' => 'Mozilla/5.0 (Windows NT 10.0; Win64; x64; rv:62.0) Gecko/20100101 Firefox/62.0',
  'host' => 'dev.tpcommont.com',
)
[ info ] [ PARAM ] array (
)
[ error ] [0]语法解析错误: syntax error, unexpected '$oneNodeList' (T_VARIABLE)[E:\phpStudy\PHPTutorial\WWW\TpCommon\application\admin\controller\Index.php:35]
---------------------------------------------------------------
[ 2018-10-24T10:28:54+08:00 ] 127.0.0.1 GET dev.tpcommont.com/admin
[运行时间：0.913416s] [吞吐率：1.09req/s] [内存消耗：3,337.91kb] [文件加载：79]
[ info ] [ LANG ] E:\phpStudy\PHPTutorial\WWW\TpCommon\thinkphp\lang\zh-cn.php
[ info ] [ ROUTE ] array (
)
[ info ] [ HEADER ] array (
  'cache-control' => 'max-age=0',
  'upgrade-insecure-requests' => '1',
  'connection' => 'close',
  'cookie' => 'thinkphp_show_page_trace=0|0; thinkphp_show_page_trace=0|0; PHPSESSID=7vgldmgofs3oam9m268gh7gjc7',
  'accept-encoding' => 'gzip, deflate',
  'accept-language' => 'zh-CN,zh;q=0.8,zh-TW;q=0.7,zh-HK;q=0.5,en-US;q=0.3,en;q=0.2',
  'accept' => 'text/html,application/xhtml+xml,application/xml;q=0.9,*/*;q=0.8',
  'user-agent' => 'Mozilla/5.0 (Windows NT 10.0; Win64; x64; rv:62.0) Gecko/20100101 Firefox/62.0',
  'host' => 'dev.tpcommont.com',
)
[ info ] [ PARAM ] array (
)
[ info ] [ DB ] INIT mysql
[ info ] [ DB ] INIT mysql
[ info ] [ DB ] INIT mysql
[ info ] [ VIEW ] E:\phpStudy\PHPTutorial\WWW\TpCommon\application\admin\view\index\index.html [ array (
  0 => 'oneNodeList',
  1 => 'twoNodeList',
) ]
[ sql ] [ DB ] CONNECT:[ UseTime:0.014045s ] mysql:host=127.0.0.1;port=3306;dbname=works;charset=utf8
[ sql ] [ SQL ] SHOW COLUMNS FROM `mh_node` [ RunTime:0.031579s ]
[ sql ] [ SQL ] SELECT * FROM `mh_node` WHERE  `status` = 1  AND `level` = 0 ORDER BY `ord` ASC [ RunTime:0.001345s ]
[ sql ] [ DB ] CONNECT:[ UseTime:0.010700s ] mysql:host=127.0.0.1;port=3306;dbname=works;charset=utf8
[ sql ] [ SQL ] SELECT * FROM `mh_node` WHERE  `status` = 1  AND `level` = 1 ORDER BY `ord` ASC [ RunTime:0.001163s ]
[ sql ] [ SQL ] SHOW COLUMNS FROM `mh_admin_role` [ RunTime:0.012322s ]
[ sql ] [ SQL ] SELECT `r`.`name` FROM `mh_admin_role` `a` INNER JOIN `mh_role` `r` ON `r`.`id`=`a`.`role_id` WHERE  `a`.`a_id` = '1' LIMIT 1 [ RunTime:0.004068s ]
---------------------------------------------------------------
[ 2018-10-24T10:28:59+08:00 ] 127.0.0.1 GET dev.tpcommont.com/admin/Node/index.html?_=1540348135587
[运行时间：0.937501s] [吞吐率：1.07req/s] [内存消耗：3,299.42kb] [文件加载：81]
[ info ] [ LANG ] E:\phpStudy\PHPTutorial\WWW\TpCommon\thinkphp\lang\zh-cn.php
[ info ] [ ROUTE ] array (
)
[ info ] [ HEADER ] array (
  'connection' => 'close',
  'cookie' => 'thinkphp_show_page_trace=0|0; thinkphp_show_page_trace=0|0; PHPSESSID=7vgldmgofs3oam9m268gh7gjc7',
  'x-requested-with' => 'XMLHttpRequest',
  'referer' => 'http://dev.tpcommont.com/admin',
  'accept-encoding' => 'gzip, deflate',
  'accept-language' => 'zh-CN,zh;q=0.8,zh-TW;q=0.7,zh-HK;q=0.5,en-US;q=0.3,en;q=0.2',
  'accept' => '*/*',
  'user-agent' => 'Mozilla/5.0 (Windows NT 10.0; Win64; x64; rv:62.0) Gecko/20100101 Firefox/62.0',
  'host' => 'dev.tpcommont.com',
)
[ info ] [ PARAM ] array (
  '_' => '1540348135587',
)
[ info ] [ DB ] INIT mysql
[ info ] [ DB ] INIT mysql
[ info ] [ VIEW ] E:\phpStudy\PHPTutorial\WWW\TpCommon\application\admin\view\node\index.html [ array (
  0 => 'topNoList',
  1 => 'list',
  2 => 'sort',
  3 => 'order',
  4 => 'sortImg',
  5 => 'sortType',
  6 => 'totalCount',
  7 => 'numPerPage',
  8 => 'currentPage',
) ]
[ sql ] [ DB ] CONNECT:[ UseTime:0.009491s ] mysql:host=127.0.0.1;port=3306;dbname=works;charset=utf8
[ sql ] [ SQL ] SHOW COLUMNS FROM `mh_node` [ RunTime:0.012219s ]
[ sql ] [ SQL ] SELECT `id`,`name` FROM `mh_node` WHERE  `status` = 1  AND `level` = 0 [ RunTime:0.001112s ]
[ sql ] [ DB ] CONNECT:[ UseTime:0.011290s ] mysql:host=127.0.0.1;port=3306;dbname=works;charset=utf8
[ sql ] [ SQL ] SELECT * FROM `mh_node` WHERE  `status` = 1  AND `level` = 0 ORDER BY `ord` ASC [ RunTime:0.001171s ]
[ sql ] [ SQL ] SELECT COUNT(*) AS tp_count FROM ( SELECT count(*) AS think_count FROM `mh_node` WHERE  `status` = 1 GROUP BY `id` ) `_group_count_` LIMIT 1 [ RunTime:0.001102s ]
[ sql ] [ SQL ] SELECT * FROM `mh_node` WHERE  `status` = 1 GROUP BY `id` ORDER BY `path` ASC LIMIT 0,20 [ RunTime:0.001112s ]
[ sql ] [ SQL ] SELECT `name` FROM `mh_node` WHERE  `status` = 1  AND `id` = 1 LIMIT 1 [ RunTime:0.001105s ]
[ sql ] [ SQL ] SELECT `name` FROM `mh_node` WHERE  `status` = 1  AND `id` = 26 LIMIT 1 [ RunTime:0.001181s ]
[ sql ] [ SQL ] SELECT `name` FROM `mh_node` WHERE  `status` = 1  AND `id` = 26 LIMIT 1 [ RunTime:0.001110s ]
[ sql ] [ SQL ] SELECT `name` FROM `mh_node` WHERE  `status` = 1  AND `id` = 3 LIMIT 1 [ RunTime:0.001038s ]
[ sql ] [ SQL ] SELECT `name` FROM `mh_node` WHERE  `status` = 1  AND `id` = 3 LIMIT 1 [ RunTime:0.000959s ]
[ sql ] [ SQL ] SELECT `name` FROM `mh_node` WHERE  `status` = 1  AND `id` = 8 LIMIT 1 [ RunTime:0.000959s ]
[ sql ] [ SQL ] SELECT `name` FROM `mh_node` WHERE  `status` = 1  AND `id` = 9 LIMIT 1 [ RunTime:0.001034s ]
[ sql ] [ SQL ] SELECT `name` FROM `mh_node` WHERE  `status` = 1  AND `id` = 9 LIMIT 1 [ RunTime:0.001021s ]
[ sql ] [ SQL ] SELECT `name` FROM `mh_node` WHERE  `status` = 1  AND `id` = 31 LIMIT 1 [ RunTime:0.001012s ]
---------------------------------------------------------------
[ 2018-10-24T10:29:54+08:00 ] 127.0.0.1 GET dev.tpcommont.com/admin
[运行时间：0.170379s] [吞吐率：5.87req/s] [内存消耗：2,814.48kb] [文件加载：71]
[ info ] [ LANG ] E:\phpStudy\PHPTutorial\WWW\TpCommon\thinkphp\lang\zh-cn.php
[ info ] [ ROUTE ] array (
)
[ info ] [ HEADER ] array (
  'cache-control' => 'max-age=0',
  'upgrade-insecure-requests' => '1',
  'connection' => 'close',
  'cookie' => 'thinkphp_show_page_trace=0|0; thinkphp_show_page_trace=0|0; PHPSESSID=7vgldmgofs3oam9m268gh7gjc7; XDEBUG_SESSION=netbeans-xdebug',
  'accept-encoding' => 'gzip, deflate',
  'accept-language' => 'zh-CN,zh;q=0.8,zh-TW;q=0.7,zh-HK;q=0.5,en-US;q=0.3,en;q=0.2',
  'accept' => 'text/html,application/xhtml+xml,application/xml;q=0.9,*/*;q=0.8',
  'user-agent' => 'Mozilla/5.0 (Windows NT 10.0; Win64; x64; rv:62.0) Gecko/20100101 Firefox/62.0',
  'host' => 'dev.tpcommont.com',
)
[ info ] [ PARAM ] array (
)
[ info ] [ DB ] INIT mysql
---------------------------------------------------------------
[ 2018-10-24T10:30:01+08:00 ] 127.0.0.1 GET dev.tpcommont.com/admin
[运行时间：0.772155s] [吞吐率：1.30req/s] [内存消耗：3,174.54kb] [文件加载：77]
[ info ] [ LANG ] E:\phpStudy\PHPTutorial\WWW\TpCommon\thinkphp\lang\zh-cn.php
[ info ] [ ROUTE ] array (
)
[ info ] [ HEADER ] array (
  'cache-control' => 'max-age=0',
  'upgrade-insecure-requests' => '1',
  'connection' => 'close',
  'cookie' => 'thinkphp_show_page_trace=0|0; thinkphp_show_page_trace=0|0; PHPSESSID=7vgldmgofs3oam9m268gh7gjc7; XDEBUG_SESSION=netbeans-xdebug',
  'accept-encoding' => 'gzip, deflate',
  'accept-language' => 'zh-CN,zh;q=0.8,zh-TW;q=0.7,zh-HK;q=0.5,en-US;q=0.3,en;q=0.2',
  'accept' => 'text/html,application/xhtml+xml,application/xml;q=0.9,*/*;q=0.8',
  'user-agent' => 'Mozilla/5.0 (Windows NT 10.0; Win64; x64; rv:62.0) Gecko/20100101 Firefox/62.0',
  'host' => 'dev.tpcommont.com',
)
[ info ] [ PARAM ] array (
)
[ info ] [ DB ] INIT mysql
[ info ] [ DB ] INIT mysql
[ info ] [ DB ] INIT mysql
[ info ] [ VIEW ] E:\phpStudy\PHPTutorial\WWW\TpCommon\application\admin\view\index\index.html [ array (
  0 => 'oneNodeList',
  1 => 'twoNodeList',
) ]
[ sql ] [ DB ] CONNECT:[ UseTime:0.010989s ] mysql:host=127.0.0.1;port=3306;dbname=works;charset=utf8
[ sql ] [ SQL ] SHOW COLUMNS FROM `mh_node` [ RunTime:0.013068s ]
[ sql ] [ SQL ] SELECT * FROM `mh_node` WHERE  `status` = 1  AND `level` = 0 ORDER BY `ord` ASC [ RunTime:0.001156s ]
[ sql ] [ DB ] CONNECT:[ UseTime:0.009707s ] mysql:host=127.0.0.1;port=3306;dbname=works;charset=utf8
[ sql ] [ SQL ] SELECT * FROM `mh_node` WHERE  `status` = 1  AND `level` = 1 ORDER BY `ord` ASC [ RunTime:0.001143s ]
[ sql ] [ SQL ] SHOW COLUMNS FROM `mh_admin_role` [ RunTime:0.009593s ]
[ sql ] [ SQL ] SELECT `r`.`name` FROM `mh_admin_role` `a` INNER JOIN `mh_role` `r` ON `r`.`id`=`a`.`role_id` WHERE  `a`.`a_id` = '1' LIMIT 1 [ RunTime:0.001007s ]
