---------------------------------------------------------------
[ 2018-08-29T08:29:58+08:00 ] 10.0.0.97 GET dev.tp5_1.com/
[运行时间：1.280073s] [吞吐率：0.78req/s] [内存消耗：1,327.60kb] [文件加载：63]
[ info ] [ LANG ] E:\phpstudy\WWW\tp5\thinkphp\lang\zh-cn.php
[ info ] [ ROUTE ] array (
)
[ info ] [ HEADER ] array (
  'upgrade-insecure-requests' => '1',
  'connection' => 'close',
  'accept-encoding' => 'gzip, deflate',
  'accept-language' => 'zh-CN,zh;q=0.8,zh-TW;q=0.7,zh-HK;q=0.5,en-US;q=0.3,en;q=0.2',
  'accept' => 'text/html,application/xhtml+xml,application/xml;q=0.9,*/*;q=0.8',
  'user-agent' => 'Mozilla/5.0 (Windows NT 6.1; Win64; x64; rv:61.0) Gecko/20100101 Firefox/61.0',
  'host' => 'dev.tp5_1.com',
)
[ info ] [ PARAM ] array (
)
[ error ] [0]致命错误: Class 'app\index\controller\Db' not found[E:\phpstudy\WWW\tp5\application\index\controller\Index.php:8]
---------------------------------------------------------------
[ 2018-08-29T08:30:25+08:00 ] 10.0.0.97 GET dev.tp5_1.com/
[运行时间：0.344020s] [吞吐率：2.91req/s] [内存消耗：2,006.86kb] [文件加载：70]
[ info ] [ LANG ] E:\phpstudy\WWW\tp5\thinkphp\lang\zh-cn.php
[ info ] [ ROUTE ] array (
)
[ info ] [ HEADER ] array (
  'cache-control' => 'max-age=0',
  'upgrade-insecure-requests' => '1',
  'connection' => 'close',
  'cookie' => 'thinkphp_show_page_trace=0|0',
  'accept-encoding' => 'gzip, deflate',
  'accept-language' => 'zh-CN,zh;q=0.8,zh-TW;q=0.7,zh-HK;q=0.5,en-US;q=0.3,en;q=0.2',
  'accept' => 'text/html,application/xhtml+xml,application/xml;q=0.9,*/*;q=0.8',
  'user-agent' => 'Mozilla/5.0 (Windows NT 6.1; Win64; x64; rv:61.0) Gecko/20100101 Firefox/61.0',
  'host' => 'dev.tp5_1.com',
)
[ info ] [ PARAM ] array (
)
[ info ] [ DB ] INIT mysql
[ sql ] [ DB ] CONNECT:[ UseTime:0.001001s ] mysql:host=127.0.0.1;port=3306;dbname=works;charset=utf8
[ error ] [10501]SQLSTATE[42S02]: Base table or view not found: 1146 Table 'works.think_user' doesn't exist[E:\phpstudy\WWW\tp5\thinkphp\library\think\db\Connection.php:685]
---------------------------------------------------------------
[ 2018-08-29T08:30:52+08:00 ] 10.0.0.97 GET dev.tp5_1.com/
[运行时间：0.282016s] [吞吐率：3.55req/s] [内存消耗：1,956.11kb] [文件加载：62]
[ info ] [ LANG ] E:\phpstudy\WWW\tp5\thinkphp\lang\zh-cn.php
[ info ] [ ROUTE ] array (
)
[ info ] [ HEADER ] array (
  'cache-control' => 'max-age=0',
  'upgrade-insecure-requests' => '1',
  'connection' => 'close',
  'cookie' => 'thinkphp_show_page_trace=0|0',
  'accept-encoding' => 'gzip, deflate',
  'accept-language' => 'zh-CN,zh;q=0.8,zh-TW;q=0.7,zh-HK;q=0.5,en-US;q=0.3,en;q=0.2',
  'accept' => 'text/html,application/xhtml+xml,application/xml;q=0.9,*/*;q=0.8',
  'user-agent' => 'Mozilla/5.0 (Windows NT 6.1; Win64; x64; rv:61.0) Gecko/20100101 Firefox/61.0',
  'host' => 'dev.tp5_1.com',
)
[ info ] [ PARAM ] array (
)
[ info ] [ DB ] INIT mysql
[ sql ] [ DB ] CONNECT:[ UseTime:0.001000s ] mysql:host=127.0.0.1;port=3306;dbname=works;charset=utf8
[ sql ] [ SQL ] SHOW COLUMNS FROM `mh_admin` [ RunTime:0.137008s ]
[ sql ] [ SQL ] SELECT `id`,`name`,`nick_name`,`password`,`tel`,`email`,`photo`,`inc`,`last_logintime`,`last_ip`,`add_time`,`status` FROM `mh_admin` [ RunTime:0.000000s ]
---------------------------------------------------------------
[ 2018-08-29T08:31:29+08:00 ] 10.0.0.97 GET dev.tp5_1.com/
[运行时间：0.067004s] [吞吐率：14.92req/s] [内存消耗：1,954.77kb] [文件加载：62]
[ info ] [ LANG ] E:\phpstudy\WWW\tp5\thinkphp\lang\zh-cn.php
[ info ] [ ROUTE ] array (
)
[ info ] [ HEADER ] array (
  'upgrade-insecure-requests' => '1',
  'connection' => 'close',
  'cookie' => 'thinkphp_show_page_trace=0|0',
  'accept-encoding' => 'gzip, deflate',
  'accept-language' => 'zh-CN,zh;q=0.8,zh-TW;q=0.7,zh-HK;q=0.5,en-US;q=0.3,en;q=0.2',
  'accept' => 'text/html,application/xhtml+xml,application/xml;q=0.9,*/*;q=0.8',
  'user-agent' => 'Mozilla/5.0 (Windows NT 6.1; Win64; x64; rv:61.0) Gecko/20100101 Firefox/61.0',
  'host' => 'dev.tp5_1.com',
)
[ info ] [ PARAM ] array (
)
[ info ] [ DB ] INIT mysql
[ sql ] [ DB ] CONNECT:[ UseTime:0.011001s ] mysql:host=127.0.0.1;port=3306;dbname=works;charset=utf8
[ sql ] [ SQL ] SHOW COLUMNS FROM `mh_admin` [ RunTime:0.018001s ]
[ sql ] [ SQL ] SELECT * FROM `mh_admin` [ RunTime:0.001000s ]
---------------------------------------------------------------
[ 2018-08-29T08:36:20+08:00 ] 10.0.0.97 GET dev.tp5_1.com/
[运行时间：0.044002s] [吞吐率：22.73req/s] [内存消耗：1,329.30kb] [文件加载：63]
[ info ] [ LANG ] E:\phpstudy\WWW\tp5\thinkphp\lang\zh-cn.php
[ info ] [ ROUTE ] array (
)
[ info ] [ HEADER ] array (
  'cache-control' => 'max-age=0',
  'upgrade-insecure-requests' => '1',
  'connection' => 'close',
  'cookie' => 'thinkphp_show_page_trace=0|0',
  'accept-encoding' => 'gzip, deflate',
  'accept-language' => 'zh-CN,zh;q=0.8,zh-TW;q=0.7,zh-HK;q=0.5,en-US;q=0.3,en;q=0.2',
  'accept' => 'text/html,application/xhtml+xml,application/xml;q=0.9,*/*;q=0.8',
  'user-agent' => 'Mozilla/5.0 (Windows NT 6.1; Win64; x64; rv:61.0) Gecko/20100101 Firefox/61.0',
  'host' => 'dev.tp5_1.com',
)
[ info ] [ PARAM ] array (
)
[ error ] [0]致命错误: Class 'app\index\controller\Admin' not found[E:\phpstudy\WWW\tp5\application\index\controller\Index.php:11]
---------------------------------------------------------------
[ 2018-08-29T08:36:44+08:00 ] 10.0.0.97 GET dev.tp5_1.com/
[运行时间：0.074004s] [吞吐率：13.51req/s] [内存消耗：1,342.30kb] [文件加载：65]
[ info ] [ LANG ] E:\phpstudy\WWW\tp5\thinkphp\lang\zh-cn.php
[ info ] [ ROUTE ] array (
)
[ info ] [ HEADER ] array (
  'cache-control' => 'max-age=0',
  'upgrade-insecure-requests' => '1',
  'connection' => 'close',
  'cookie' => 'thinkphp_show_page_trace=0|0',
  'accept-encoding' => 'gzip, deflate',
  'accept-language' => 'zh-CN,zh;q=0.8,zh-TW;q=0.7,zh-HK;q=0.5,en-US;q=0.3,en;q=0.2',
  'accept' => 'text/html,application/xhtml+xml,application/xml;q=0.9,*/*;q=0.8',
  'user-agent' => 'Mozilla/5.0 (Windows NT 6.1; Win64; x64; rv:61.0) Gecko/20100101 Firefox/61.0',
  'host' => 'dev.tp5_1.com',
)
[ info ] [ PARAM ] array (
)
[ error ] [1]Class 'think\model' not found[E:\phpstudy\WWW\tp5\application\index\model\Admin.php:12]
---------------------------------------------------------------
[ 2018-08-29T08:37:33+08:00 ] 10.0.0.97 GET dev.tp5_1.com/
[运行时间：0.216013s] [吞吐率：4.63req/s] [内存消耗：2,329.87kb] [文件加载：74]
[ info ] [ LANG ] E:\phpstudy\WWW\tp5\thinkphp\lang\zh-cn.php
[ info ] [ ROUTE ] array (
)
[ info ] [ HEADER ] array (
  'cache-control' => 'max-age=0',
  'upgrade-insecure-requests' => '1',
  'connection' => 'close',
  'cookie' => 'thinkphp_show_page_trace=0|0',
  'accept-encoding' => 'gzip, deflate',
  'accept-language' => 'zh-CN,zh;q=0.8,zh-TW;q=0.7,zh-HK;q=0.5,en-US;q=0.3,en;q=0.2',
  'accept' => 'text/html,application/xhtml+xml,application/xml;q=0.9,*/*;q=0.8',
  'user-agent' => 'Mozilla/5.0 (Windows NT 6.1; Win64; x64; rv:61.0) Gecko/20100101 Firefox/61.0',
  'host' => 'dev.tp5_1.com',
)
[ info ] [ PARAM ] array (
)
[ info ] [ DB ] INIT mysql
[ sql ] [ DB ] CONNECT:[ UseTime:0.001000s ] mysql:host=127.0.0.1;port=3306;dbname=works;charset=utf8
[ sql ] [ SQL ] SHOW COLUMNS FROM `mh_admin` [ RunTime:0.021001s ]
[ sql ] [ SQL ] SELECT * FROM `mh_admin` WHERE  `id` = 1 LIMIT 1 [ RunTime:0.001000s ]
[ error ] [0]类的属性不存在:app\index\model\Admin->profile[E:\phpstudy\WWW\tp5\thinkphp\library\think\model\concern\Attribute.php:542]
---------------------------------------------------------------
[ 2018-08-29T08:38:04+08:00 ] 10.0.0.97 GET dev.tp5_1.com/
[运行时间：0.102006s] [吞吐率：9.80req/s] [内存消耗：2,336.40kb] [文件加载：77]
[ info ] [ LANG ] E:\phpstudy\WWW\tp5\thinkphp\lang\zh-cn.php
[ info ] [ ROUTE ] array (
)
[ info ] [ HEADER ] array (
  'cache-control' => 'max-age=0',
  'upgrade-insecure-requests' => '1',
  'connection' => 'close',
  'cookie' => 'thinkphp_show_page_trace=0|0',
  'accept-encoding' => 'gzip, deflate',
  'accept-language' => 'zh-CN,zh;q=0.8,zh-TW;q=0.7,zh-HK;q=0.5,en-US;q=0.3,en;q=0.2',
  'accept' => 'text/html,application/xhtml+xml,application/xml;q=0.9,*/*;q=0.8',
  'user-agent' => 'Mozilla/5.0 (Windows NT 6.1; Win64; x64; rv:61.0) Gecko/20100101 Firefox/61.0',
  'host' => 'dev.tp5_1.com',
)
[ info ] [ PARAM ] array (
)
[ info ] [ DB ] INIT mysql
[ sql ] [ DB ] CONNECT:[ UseTime:0.010000s ] mysql:host=127.0.0.1;port=3306;dbname=works;charset=utf8
[ sql ] [ SQL ] SHOW COLUMNS FROM `mh_admin` [ RunTime:0.039003s ]
[ sql ] [ SQL ] SELECT * FROM `mh_admin` WHERE  `id` = 1 LIMIT 1 [ RunTime:0.001000s ]
[ error ] [8]未定义变量: sql[E:\phpstudy\WWW\tp5\application\index\controller\Index.php:13]
---------------------------------------------------------------
[ 2018-08-29T08:39:00+08:00 ] 10.0.0.97 GET dev.tp5_1.com/
[运行时间：0.083005s] [吞吐率：12.05req/s] [内存消耗：2,329.59kb] [文件加载：74]
[ info ] [ LANG ] E:\phpstudy\WWW\tp5\thinkphp\lang\zh-cn.php
[ info ] [ ROUTE ] array (
)
[ info ] [ HEADER ] array (
  'cache-control' => 'max-age=0',
  'upgrade-insecure-requests' => '1',
  'connection' => 'close',
  'cookie' => 'thinkphp_show_page_trace=0|0',
  'accept-encoding' => 'gzip, deflate',
  'accept-language' => 'zh-CN,zh;q=0.8,zh-TW;q=0.7,zh-HK;q=0.5,en-US;q=0.3,en;q=0.2',
  'accept' => 'text/html,application/xhtml+xml,application/xml;q=0.9,*/*;q=0.8',
  'user-agent' => 'Mozilla/5.0 (Windows NT 6.1; Win64; x64; rv:61.0) Gecko/20100101 Firefox/61.0',
  'host' => 'dev.tp5_1.com',
)
[ info ] [ PARAM ] array (
)
[ info ] [ DB ] INIT mysql
[ sql ] [ DB ] CONNECT:[ UseTime:0.010001s ] mysql:host=127.0.0.1;port=3306;dbname=works;charset=utf8
[ sql ] [ SQL ] SHOW COLUMNS FROM `mh_admin` [ RunTime:0.018001s ]
[ sql ] [ SQL ] SELECT * FROM `mh_admin` WHERE  `id` = 1 LIMIT 1 [ RunTime:0.001000s ]
[ error ] [0]类的属性不存在:app\index\model\Admin->status_text[E:\phpstudy\WWW\tp5\thinkphp\library\think\model\concern\Attribute.php:542]
---------------------------------------------------------------
[ 2018-08-29T08:39:34+08:00 ] 10.0.0.97 GET dev.tp5_1.com/
[运行时间：0.079005s] [吞吐率：12.66req/s] [内存消耗：2,329.05kb] [文件加载：74]
[ info ] [ LANG ] E:\phpstudy\WWW\tp5\thinkphp\lang\zh-cn.php
[ info ] [ ROUTE ] array (
)
[ info ] [ HEADER ] array (
  'upgrade-insecure-requests' => '1',
  'connection' => 'close',
  'cookie' => 'thinkphp_show_page_trace=0|0',
  'accept-encoding' => 'gzip, deflate',
  'accept-language' => 'zh-CN,zh;q=0.8,zh-TW;q=0.7,zh-HK;q=0.5,en-US;q=0.3,en;q=0.2',
  'accept' => 'text/html,application/xhtml+xml,application/xml;q=0.9,*/*;q=0.8',
  'user-agent' => 'Mozilla/5.0 (Windows NT 6.1; Win64; x64; rv:61.0) Gecko/20100101 Firefox/61.0',
  'host' => 'dev.tp5_1.com',
)
[ info ] [ PARAM ] array (
)
[ info ] [ DB ] INIT mysql
[ sql ] [ DB ] CONNECT:[ UseTime:0.010000s ] mysql:host=127.0.0.1;port=3306;dbname=works;charset=utf8
[ sql ] [ SQL ] SHOW COLUMNS FROM `mh_admin` [ RunTime:0.017001s ]
[ sql ] [ SQL ] SELECT * FROM `mh_admin` WHERE  `id` = 1 LIMIT 1 [ RunTime:0.000000s ]
[ error ] [0]类的属性不存在:app\index\model\Admin->status_text[E:\phpstudy\WWW\tp5\thinkphp\library\think\model\concern\Attribute.php:542]
---------------------------------------------------------------
[ 2018-08-29T08:40:08+08:00 ] 10.0.0.97 GET dev.tp5_1.com/
[运行时间：0.076004s] [吞吐率：13.16req/s] [内存消耗：2,328.80kb] [文件加载：74]
[ info ] [ LANG ] E:\phpstudy\WWW\tp5\thinkphp\lang\zh-cn.php
[ info ] [ ROUTE ] array (
)
[ info ] [ HEADER ] array (
  'upgrade-insecure-requests' => '1',
  'connection' => 'close',
  'cookie' => 'thinkphp_show_page_trace=0|0',
  'accept-encoding' => 'gzip, deflate',
  'accept-language' => 'zh-CN,zh;q=0.8,zh-TW;q=0.7,zh-HK;q=0.5,en-US;q=0.3,en;q=0.2',
  'accept' => 'text/html,application/xhtml+xml,application/xml;q=0.9,*/*;q=0.8',
  'user-agent' => 'Mozilla/5.0 (Windows NT 6.1; Win64; x64; rv:61.0) Gecko/20100101 Firefox/61.0',
  'host' => 'dev.tp5_1.com',
)
[ info ] [ PARAM ] array (
)
[ info ] [ DB ] INIT mysql
[ sql ] [ DB ] CONNECT:[ UseTime:0.011001s ] mysql:host=127.0.0.1;port=3306;dbname=works;charset=utf8
[ sql ] [ SQL ] SHOW COLUMNS FROM `mh_admin` [ RunTime:0.017001s ]
[ sql ] [ SQL ] SELECT * FROM `mh_admin` WHERE  `id` = 1 LIMIT 1 [ RunTime:0.001000s ]
[ error ] [0]类的属性不存在:app\index\model\Admin->status_text[E:\phpstudy\WWW\tp5\thinkphp\library\think\model\concern\Attribute.php:542]
---------------------------------------------------------------
[ 2018-08-29T08:44:38+08:00 ] 10.0.0.97 GET dev.tp5_1.com/
[运行时间：0.080004s] [吞吐率：12.50req/s] [内存消耗：2,329.09kb] [文件加载：74]
[ info ] [ LANG ] E:\phpstudy\WWW\tp5\thinkphp\lang\zh-cn.php
[ info ] [ ROUTE ] array (
)
[ info ] [ HEADER ] array (
  'upgrade-insecure-requests' => '1',
  'connection' => 'close',
  'cookie' => 'thinkphp_show_page_trace=0|0',
  'accept-encoding' => 'gzip, deflate',
  'accept-language' => 'zh-CN,zh;q=0.8,zh-TW;q=0.7,zh-HK;q=0.5,en-US;q=0.3,en;q=0.2',
  'accept' => 'text/html,application/xhtml+xml,application/xml;q=0.9,*/*;q=0.8',
  'user-agent' => 'Mozilla/5.0 (Windows NT 6.1; Win64; x64; rv:61.0) Gecko/20100101 Firefox/61.0',
  'host' => 'dev.tp5_1.com',
)
[ info ] [ PARAM ] array (
)
[ info ] [ DB ] INIT mysql
[ sql ] [ DB ] CONNECT:[ UseTime:0.001000s ] mysql:host=127.0.0.1;port=3306;dbname=works;charset=utf8
[ sql ] [ SQL ] SHOW COLUMNS FROM `mh_admin` [ RunTime:0.022002s ]
[ sql ] [ SQL ] SELECT * FROM `mh_admin` WHERE  `id` = 1 LIMIT 1 [ RunTime:0.001000s ]
[ error ] [0]类的属性不存在:app\index\model\Admin->admin[E:\phpstudy\WWW\tp5\thinkphp\library\think\model\concern\Attribute.php:542]
---------------------------------------------------------------
[ 2018-08-29T08:45:00+08:00 ] 10.0.0.97 GET dev.tp5_1.com/
[运行时间：0.075004s] [吞吐率：13.33req/s] [内存消耗：2,329.65kb] [文件加载：74]
[ info ] [ LANG ] E:\phpstudy\WWW\tp5\thinkphp\lang\zh-cn.php
[ info ] [ ROUTE ] array (
)
[ info ] [ HEADER ] array (
  'cache-control' => 'max-age=0',
  'upgrade-insecure-requests' => '1',
  'connection' => 'close',
  'cookie' => 'thinkphp_show_page_trace=0|0',
  'accept-encoding' => 'gzip, deflate',
  'accept-language' => 'zh-CN,zh;q=0.8,zh-TW;q=0.7,zh-HK;q=0.5,en-US;q=0.3,en;q=0.2',
  'accept' => 'text/html,application/xhtml+xml,application/xml;q=0.9,*/*;q=0.8',
  'user-agent' => 'Mozilla/5.0 (Windows NT 6.1; Win64; x64; rv:61.0) Gecko/20100101 Firefox/61.0',
  'host' => 'dev.tp5_1.com',
)
[ info ] [ PARAM ] array (
)
[ info ] [ DB ] INIT mysql
[ sql ] [ DB ] CONNECT:[ UseTime:0.001000s ] mysql:host=127.0.0.1;port=3306;dbname=works;charset=utf8
[ sql ] [ SQL ] SHOW COLUMNS FROM `mh_admin` [ RunTime:0.020001s ]
[ sql ] [ SQL ] SELECT * FROM `mh_admin` WHERE  `id` = 1 LIMIT 1 [ RunTime:0.001000s ]
[ error ] [0]类的属性不存在:app\index\model\Admin->admin[E:\phpstudy\WWW\tp5\thinkphp\library\think\model\concern\Attribute.php:542]
---------------------------------------------------------------
[ 2018-08-29T08:45:12+08:00 ] 10.0.0.97 GET dev.tp5_1.com/
[运行时间：0.076005s] [吞吐率：13.16req/s] [内存消耗：2,329.62kb] [文件加载：74]
[ info ] [ LANG ] E:\phpstudy\WWW\tp5\thinkphp\lang\zh-cn.php
[ info ] [ ROUTE ] array (
)
[ info ] [ HEADER ] array (
  'cache-control' => 'max-age=0',
  'upgrade-insecure-requests' => '1',
  'connection' => 'close',
  'cookie' => 'thinkphp_show_page_trace=0|0',
  'accept-encoding' => 'gzip, deflate',
  'accept-language' => 'zh-CN,zh;q=0.8,zh-TW;q=0.7,zh-HK;q=0.5,en-US;q=0.3,en;q=0.2',
  'accept' => 'text/html,application/xhtml+xml,application/xml;q=0.9,*/*;q=0.8',
  'user-agent' => 'Mozilla/5.0 (Windows NT 6.1; Win64; x64; rv:61.0) Gecko/20100101 Firefox/61.0',
  'host' => 'dev.tp5_1.com',
)
[ info ] [ PARAM ] array (
)
[ info ] [ DB ] INIT mysql
[ sql ] [ DB ] CONNECT:[ UseTime:0.001000s ] mysql:host=127.0.0.1;port=3306;dbname=works;charset=utf8
[ sql ] [ SQL ] SHOW COLUMNS FROM `mh_admin` [ RunTime:0.018001s ]
[ sql ] [ SQL ] SELECT * FROM `mh_admin` WHERE  `id` = 1 LIMIT 1 [ RunTime:0.001000s ]
[ error ] [0]类的属性不存在:app\index\model\Admin->admin[E:\phpstudy\WWW\tp5\thinkphp\library\think\model\concern\Attribute.php:542]
---------------------------------------------------------------
[ 2018-08-29T08:45:13+08:00 ] 10.0.0.97 GET dev.tp5_1.com/
[运行时间：0.085005s] [吞吐率：11.76req/s] [内存消耗：2,329.62kb] [文件加载：74]
[ info ] [ LANG ] E:\phpstudy\WWW\tp5\thinkphp\lang\zh-cn.php
[ info ] [ ROUTE ] array (
)
[ info ] [ HEADER ] array (
  'cache-control' => 'max-age=0',
  'upgrade-insecure-requests' => '1',
  'connection' => 'close',
  'cookie' => 'thinkphp_show_page_trace=0|0',
  'accept-encoding' => 'gzip, deflate',
  'accept-language' => 'zh-CN,zh;q=0.8,zh-TW;q=0.7,zh-HK;q=0.5,en-US;q=0.3,en;q=0.2',
  'accept' => 'text/html,application/xhtml+xml,application/xml;q=0.9,*/*;q=0.8',
  'user-agent' => 'Mozilla/5.0 (Windows NT 6.1; Win64; x64; rv:61.0) Gecko/20100101 Firefox/61.0',
  'host' => 'dev.tp5_1.com',
)
[ info ] [ PARAM ] array (
)
[ info ] [ DB ] INIT mysql
[ sql ] [ DB ] CONNECT:[ UseTime:0.010001s ] mysql:host=127.0.0.1;port=3306;dbname=works;charset=utf8
[ sql ] [ SQL ] SHOW COLUMNS FROM `mh_admin` [ RunTime:0.017000s ]
[ sql ] [ SQL ] SELECT * FROM `mh_admin` WHERE  `id` = 1 LIMIT 1 [ RunTime:0.001001s ]
[ error ] [0]类的属性不存在:app\index\model\Admin->admin[E:\phpstudy\WWW\tp5\thinkphp\library\think\model\concern\Attribute.php:542]
---------------------------------------------------------------
[ 2018-08-29T08:45:13+08:00 ] 10.0.0.97 GET dev.tp5_1.com/
[运行时间：0.065003s] [吞吐率：15.38req/s] [内存消耗：2,329.62kb] [文件加载：74]
[ info ] [ LANG ] E:\phpstudy\WWW\tp5\thinkphp\lang\zh-cn.php
[ info ] [ ROUTE ] array (
)
[ info ] [ HEADER ] array (
  'cache-control' => 'max-age=0',
  'upgrade-insecure-requests' => '1',
  'connection' => 'close',
  'cookie' => 'thinkphp_show_page_trace=0|0',
  'accept-encoding' => 'gzip, deflate',
  'accept-language' => 'zh-CN,zh;q=0.8,zh-TW;q=0.7,zh-HK;q=0.5,en-US;q=0.3,en;q=0.2',
  'accept' => 'text/html,application/xhtml+xml,application/xml;q=0.9,*/*;q=0.8',
  'user-agent' => 'Mozilla/5.0 (Windows NT 6.1; Win64; x64; rv:61.0) Gecko/20100101 Firefox/61.0',
  'host' => 'dev.tp5_1.com',
)
[ info ] [ PARAM ] array (
)
[ info ] [ DB ] INIT mysql
[ sql ] [ DB ] CONNECT:[ UseTime:0.001000s ] mysql:host=127.0.0.1;port=3306;dbname=works;charset=utf8
[ sql ] [ SQL ] SHOW COLUMNS FROM `mh_admin` [ RunTime:0.010001s ]
[ sql ] [ SQL ] SELECT * FROM `mh_admin` WHERE  `id` = 1 LIMIT 1 [ RunTime:0.000000s ]
[ error ] [0]类的属性不存在:app\index\model\Admin->admin[E:\phpstudy\WWW\tp5\thinkphp\library\think\model\concern\Attribute.php:542]
---------------------------------------------------------------
[ 2018-08-29T08:45:39+08:00 ] 10.0.0.97 GET dev.tp5_1.com/
[运行时间：0.079005s] [吞吐率：12.66req/s] [内存消耗：2,329.30kb] [文件加载：74]
[ info ] [ LANG ] E:\phpstudy\WWW\tp5\thinkphp\lang\zh-cn.php
[ info ] [ ROUTE ] array (
)
[ info ] [ HEADER ] array (
  'cache-control' => 'max-age=0',
  'upgrade-insecure-requests' => '1',
  'connection' => 'close',
  'cookie' => 'thinkphp_show_page_trace=0|0',
  'accept-encoding' => 'gzip, deflate',
  'accept-language' => 'zh-CN,zh;q=0.8,zh-TW;q=0.7,zh-HK;q=0.5,en-US;q=0.3,en;q=0.2',
  'accept' => 'text/html,application/xhtml+xml,application/xml;q=0.9,*/*;q=0.8',
  'user-agent' => 'Mozilla/5.0 (Windows NT 6.1; Win64; x64; rv:61.0) Gecko/20100101 Firefox/61.0',
  'host' => 'dev.tp5_1.com',
)
[ info ] [ PARAM ] array (
)
[ info ] [ DB ] INIT mysql
[ sql ] [ DB ] CONNECT:[ UseTime:0.010000s ] mysql:host=127.0.0.1;port=3306;dbname=works;charset=utf8
[ sql ] [ SQL ] SHOW COLUMNS FROM `mh_admin` [ RunTime:0.018001s ]
[ sql ] [ SQL ] SELECT * FROM `mh_admin` WHERE  `id` = 1 LIMIT 1 [ RunTime:0.001000s ]
[ error ] [0]类的属性不存在:app\index\model\Admin->admin[E:\phpstudy\WWW\tp5\thinkphp\library\think\model\concern\Attribute.php:542]
---------------------------------------------------------------
[ 2018-08-29T08:45:40+08:00 ] 10.0.0.97 GET dev.tp5_1.com/
[运行时间：0.069004s] [吞吐率：14.49req/s] [内存消耗：2,329.30kb] [文件加载：74]
[ info ] [ LANG ] E:\phpstudy\WWW\tp5\thinkphp\lang\zh-cn.php
[ info ] [ ROUTE ] array (
)
[ info ] [ HEADER ] array (
  'cache-control' => 'max-age=0',
  'upgrade-insecure-requests' => '1',
  'connection' => 'close',
  'cookie' => 'thinkphp_show_page_trace=0|0',
  'accept-encoding' => 'gzip, deflate',
  'accept-language' => 'zh-CN,zh;q=0.8,zh-TW;q=0.7,zh-HK;q=0.5,en-US;q=0.3,en;q=0.2',
  'accept' => 'text/html,application/xhtml+xml,application/xml;q=0.9,*/*;q=0.8',
  'user-agent' => 'Mozilla/5.0 (Windows NT 6.1; Win64; x64; rv:61.0) Gecko/20100101 Firefox/61.0',
  'host' => 'dev.tp5_1.com',
)
[ info ] [ PARAM ] array (
)
[ info ] [ DB ] INIT mysql
[ sql ] [ DB ] CONNECT:[ UseTime:0.001000s ] mysql:host=127.0.0.1;port=3306;dbname=works;charset=utf8
[ sql ] [ SQL ] SHOW COLUMNS FROM `mh_admin` [ RunTime:0.017001s ]
[ sql ] [ SQL ] SELECT * FROM `mh_admin` WHERE  `id` = 1 LIMIT 1 [ RunTime:0.001000s ]
[ error ] [0]类的属性不存在:app\index\model\Admin->admin[E:\phpstudy\WWW\tp5\thinkphp\library\think\model\concern\Attribute.php:542]
---------------------------------------------------------------
[ 2018-08-29T08:45:40+08:00 ] 10.0.0.97 GET dev.tp5_1.com/
[运行时间：0.061004s] [吞吐率：16.39req/s] [内存消耗：2,329.30kb] [文件加载：74]
[ info ] [ LANG ] E:\phpstudy\WWW\tp5\thinkphp\lang\zh-cn.php
[ info ] [ ROUTE ] array (
)
[ info ] [ HEADER ] array (
  'cache-control' => 'max-age=0',
  'upgrade-insecure-requests' => '1',
  'connection' => 'close',
  'cookie' => 'thinkphp_show_page_trace=0|0',
  'accept-encoding' => 'gzip, deflate',
  'accept-language' => 'zh-CN,zh;q=0.8,zh-TW;q=0.7,zh-HK;q=0.5,en-US;q=0.3,en;q=0.2',
  'accept' => 'text/html,application/xhtml+xml,application/xml;q=0.9,*/*;q=0.8',
  'user-agent' => 'Mozilla/5.0 (Windows NT 6.1; Win64; x64; rv:61.0) Gecko/20100101 Firefox/61.0',
  'host' => 'dev.tp5_1.com',
)
[ info ] [ PARAM ] array (
)
[ info ] [ DB ] INIT mysql
[ sql ] [ DB ] CONNECT:[ UseTime:0.001000s ] mysql:host=127.0.0.1;port=3306;dbname=works;charset=utf8
[ sql ] [ SQL ] SHOW COLUMNS FROM `mh_admin` [ RunTime:0.010001s ]
[ sql ] [ SQL ] SELECT * FROM `mh_admin` WHERE  `id` = 1 LIMIT 1 [ RunTime:0.001000s ]
[ error ] [0]类的属性不存在:app\index\model\Admin->admin[E:\phpstudy\WWW\tp5\thinkphp\library\think\model\concern\Attribute.php:542]
---------------------------------------------------------------
[ 2018-08-29T08:45:40+08:00 ] 10.0.0.97 GET dev.tp5_1.com/
[运行时间：0.078005s] [吞吐率：12.82req/s] [内存消耗：2,329.30kb] [文件加载：74]
[ info ] [ LANG ] E:\phpstudy\WWW\tp5\thinkphp\lang\zh-cn.php
[ info ] [ ROUTE ] array (
)
[ info ] [ HEADER ] array (
  'cache-control' => 'max-age=0',
  'upgrade-insecure-requests' => '1',
  'connection' => 'close',
  'cookie' => 'thinkphp_show_page_trace=0|0',
  'accept-encoding' => 'gzip, deflate',
  'accept-language' => 'zh-CN,zh;q=0.8,zh-TW;q=0.7,zh-HK;q=0.5,en-US;q=0.3,en;q=0.2',
  'accept' => 'text/html,application/xhtml+xml,application/xml;q=0.9,*/*;q=0.8',
  'user-agent' => 'Mozilla/5.0 (Windows NT 6.1; Win64; x64; rv:61.0) Gecko/20100101 Firefox/61.0',
  'host' => 'dev.tp5_1.com',
)
[ info ] [ PARAM ] array (
)
[ info ] [ DB ] INIT mysql
[ sql ] [ DB ] CONNECT:[ UseTime:0.010001s ] mysql:host=127.0.0.1;port=3306;dbname=works;charset=utf8
[ sql ] [ SQL ] SHOW COLUMNS FROM `mh_admin` [ RunTime:0.010000s ]
[ sql ] [ SQL ] SELECT * FROM `mh_admin` WHERE  `id` = 1 LIMIT 1 [ RunTime:0.000000s ]
[ error ] [0]类的属性不存在:app\index\model\Admin->admin[E:\phpstudy\WWW\tp5\thinkphp\library\think\model\concern\Attribute.php:542]
---------------------------------------------------------------
[ 2018-08-29T08:46:04+08:00 ] 10.0.0.97 GET dev.tp5_1.com/
[运行时间：0.067003s] [吞吐率：14.92req/s] [内存消耗：2,249.95kb] [文件加载：69]
[ info ] [ LANG ] E:\phpstudy\WWW\tp5\thinkphp\lang\zh-cn.php
[ info ] [ ROUTE ] array (
)
[ info ] [ HEADER ] array (
  'cache-control' => 'max-age=0',
  'upgrade-insecure-requests' => '1',
  'connection' => 'close',
  'cookie' => 'thinkphp_show_page_trace=0|0',
  'accept-encoding' => 'gzip, deflate',
  'accept-language' => 'zh-CN,zh;q=0.8,zh-TW;q=0.7,zh-HK;q=0.5,en-US;q=0.3,en;q=0.2',
  'accept' => 'text/html,application/xhtml+xml,application/xml;q=0.9,*/*;q=0.8',
  'user-agent' => 'Mozilla/5.0 (Windows NT 6.1; Win64; x64; rv:61.0) Gecko/20100101 Firefox/61.0',
  'host' => 'dev.tp5_1.com',
)
[ info ] [ PARAM ] array (
)
[ info ] [ DB ] INIT mysql
[ sql ] [ DB ] CONNECT:[ UseTime:0.010000s ] mysql:host=127.0.0.1;port=3306;dbname=works;charset=utf8
[ sql ] [ SQL ] SHOW COLUMNS FROM `mh_admin` [ RunTime:0.017001s ]
[ sql ] [ SQL ] SELECT * FROM `mh_admin` WHERE  `id` = 1 LIMIT 1 [ RunTime:0.001000s ]
---------------------------------------------------------------
[ 2018-08-29T09:01:09+08:00 ] 10.0.0.97 GET dev.tp5_1.com/
[运行时间：0.106006s] [吞吐率：9.43req/s] [内存消耗：2,332.73kb] [文件加载：75]
[ info ] [ LANG ] E:\phpstudy\WWW\tp5\thinkphp\lang\zh-cn.php
[ info ] [ ROUTE ] array (
)
[ info ] [ HEADER ] array (
  'upgrade-insecure-requests' => '1',
  'connection' => 'close',
  'cookie' => 'thinkphp_show_page_trace=0|0',
  'accept-encoding' => 'gzip, deflate',
  'accept-language' => 'zh-CN,zh;q=0.8,zh-TW;q=0.7,zh-HK;q=0.5,en-US;q=0.3,en;q=0.2',
  'accept' => 'text/html,application/xhtml+xml,application/xml;q=0.9,*/*;q=0.8',
  'user-agent' => 'Mozilla/5.0 (Windows NT 6.1; Win64; x64; rv:61.0) Gecko/20100101 Firefox/61.0',
  'host' => 'dev.tp5_1.com',
)
[ info ] [ PARAM ] array (
)
[ info ] [ DB ] INIT mysql
[ sql ] [ DB ] CONNECT:[ UseTime:0.010001s ] mysql:host=127.0.0.1;port=3306;dbname=works;charset=utf8
[ sql ] [ SQL ] SHOW COLUMNS FROM `mh_admin` [ RunTime:0.037002s ]
[ sql ] [ SQL ] SELECT * FROM `mh_admin` WHERE  `id` = 1 LIMIT 1 [ RunTime:0.000000s ]
[ error ] [0]致命错误: Call to undefined method app\index\controller\Index::fetch()[E:\phpstudy\WWW\tp5\application\index\controller\Index.php:17]
---------------------------------------------------------------
[ 2018-08-29T09:02:06+08:00 ] 10.0.0.97 GET dev.tp5_1.com/
[运行时间：0.550032s] [吞吐率：1.82req/s] [内存消耗：2,479.02kb] [文件加载：81]
[ info ] [ LANG ] E:\phpstudy\WWW\tp5\thinkphp\lang\zh-cn.php
[ info ] [ ROUTE ] array (
)
[ info ] [ HEADER ] array (
  'cache-control' => 'max-age=0',
  'upgrade-insecure-requests' => '1',
  'connection' => 'close',
  'cookie' => 'thinkphp_show_page_trace=0|0',
  'accept-encoding' => 'gzip, deflate',
  'accept-language' => 'zh-CN,zh;q=0.8,zh-TW;q=0.7,zh-HK;q=0.5,en-US;q=0.3,en;q=0.2',
  'accept' => 'text/html,application/xhtml+xml,application/xml;q=0.9,*/*;q=0.8',
  'user-agent' => 'Mozilla/5.0 (Windows NT 6.1; Win64; x64; rv:61.0) Gecko/20100101 Firefox/61.0',
  'host' => 'dev.tp5_1.com',
)
[ info ] [ PARAM ] array (
)
[ info ] [ DB ] INIT mysql
[ info ] [ VIEW ] E:\phpstudy\WWW\tp5\application\index\view\index\index.html [ array (
) ]
[ sql ] [ DB ] CONNECT:[ UseTime:0.001000s ] mysql:host=127.0.0.1;port=3306;dbname=works;charset=utf8
[ sql ] [ SQL ] SHOW COLUMNS FROM `mh_admin` [ RunTime:0.133007s ]
[ sql ] [ SQL ] SELECT * FROM `mh_admin` WHERE  `id` = 1 LIMIT 1 [ RunTime:0.000000s ]
[ error ] [8]未定义变量: a[E:\phpstudy\WWW\tp5\runtime\temp\80872341f8670797685a563ce5f31f62.php:15]
---------------------------------------------------------------
[ 2018-08-29T09:03:15+08:00 ] 10.0.0.97 GET dev.tp5_1.com/
[运行时间：0.848048s] [吞吐率：1.18req/s] [内存消耗：2,344.44kb] [文件加载：74]
[ info ] [ LANG ] E:\phpstudy\WWW\tp5\thinkphp\lang\zh-cn.php
[ info ] [ ROUTE ] array (
)
[ info ] [ HEADER ] array (
  'cache-control' => 'max-age=0',
  'upgrade-insecure-requests' => '1',
  'connection' => 'close',
  'cookie' => 'thinkphp_show_page_trace=0|0',
  'accept-encoding' => 'gzip, deflate',
  'accept-language' => 'zh-CN,zh;q=0.8,zh-TW;q=0.7,zh-HK;q=0.5,en-US;q=0.3,en;q=0.2',
  'accept' => 'text/html,application/xhtml+xml,application/xml;q=0.9,*/*;q=0.8',
  'user-agent' => 'Mozilla/5.0 (Windows NT 6.1; Win64; x64; rv:61.0) Gecko/20100101 Firefox/61.0',
  'host' => 'dev.tp5_1.com',
)
[ info ] [ PARAM ] array (
)
[ info ] [ DB ] INIT mysql
[ info ] [ VIEW ] E:\phpstudy\WWW\tp5\application\index\view\index\index.html [ array (
  0 => 'a',
) ]
[ sql ] [ DB ] CONNECT:[ UseTime:0.001000s ] mysql:host=127.0.0.1;port=3306;dbname=works;charset=utf8
[ sql ] [ SQL ] SHOW COLUMNS FROM `mh_admin` [ RunTime:0.020002s ]
[ sql ] [ SQL ] SELECT * FROM `mh_admin` WHERE  `id` = 1 LIMIT 1 [ RunTime:0.001000s ]
---------------------------------------------------------------
[ 2018-08-29T09:03:45+08:00 ] 10.0.0.97 GET dev.tp5_1.com/
[运行时间：0.167009s] [吞吐率：5.99req/s] [内存消耗：2,368.80kb] [文件加载：79]
[ info ] [ LANG ] E:\phpstudy\WWW\tp5\thinkphp\lang\zh-cn.php
[ info ] [ ROUTE ] array (
)
[ info ] [ HEADER ] array (
  'cache-control' => 'max-age=0',
  'upgrade-insecure-requests' => '1',
  'connection' => 'close',
  'cookie' => 'thinkphp_show_page_trace=0|0',
  'accept-encoding' => 'gzip, deflate',
  'accept-language' => 'zh-CN,zh;q=0.8,zh-TW;q=0.7,zh-HK;q=0.5,en-US;q=0.3,en;q=0.2',
  'accept' => 'text/html,application/xhtml+xml,application/xml;q=0.9,*/*;q=0.8',
  'user-agent' => 'Mozilla/5.0 (Windows NT 6.1; Win64; x64; rv:61.0) Gecko/20100101 Firefox/61.0',
  'host' => 'dev.tp5_1.com',
)
[ info ] [ PARAM ] array (
)
[ info ] [ DB ] INIT mysql
[ info ] [ VIEW ] E:\phpstudy\WWW\tp5\application\index\view\index\index.html [ array (
) ]
[ sql ] [ DB ] CONNECT:[ UseTime:0.001000s ] mysql:host=127.0.0.1;port=3306;dbname=works;charset=utf8
[ sql ] [ SQL ] SHOW COLUMNS FROM `mh_admin` [ RunTime:0.020001s ]
[ sql ] [ SQL ] SELECT * FROM `mh_admin` WHERE  `id` = 1 LIMIT 1 [ RunTime:0.001000s ]
[ error ] [8]未定义变量: a[E:\phpstudy\WWW\tp5\runtime\temp\80872341f8670797685a563ce5f31f62.php:15]
---------------------------------------------------------------
[ 2018-08-29T14:23:28+08:00 ] 10.0.0.97 GET dev.tp5_1.com/
[运行时间：1.996114s] [吞吐率：0.50req/s] [内存消耗：2,283.82kb] [文件加载：71]
[ info ] [ LANG ] E:\phpstudy\WWW\tp5\thinkphp\lang\zh-cn.php
[ info ] [ ROUTE ] array (
)
[ info ] [ HEADER ] array (
  'upgrade-insecure-requests' => '1',
  'connection' => 'close',
  'cookie' => 'thinkphp_show_page_trace=0|0',
  'accept-encoding' => 'gzip, deflate',
  'accept-language' => 'zh-CN,zh;q=0.8,zh-TW;q=0.7,zh-HK;q=0.5,en-US;q=0.3,en;q=0.2',
  'accept' => 'text/html,application/xhtml+xml,application/xml;q=0.9,*/*;q=0.8',
  'user-agent' => 'Mozilla/5.0 (Windows NT 6.1; Win64; x64; rv:61.0) Gecko/20100101 Firefox/61.0',
  'host' => 'dev.tp5_1.com',
)
[ info ] [ PARAM ] array (
)
[ info ] [ DB ] INIT mysql
[ sql ] [ DB ] CONNECT:[ UseTime:0.040002s ] mysql:host=127.0.0.1;port=3306;dbname=works;charset=utf8
[ sql ] [ SQL ] SHOW COLUMNS FROM `mh_admin` [ RunTime:0.097005s ]
[ sql ] [ SQL ] SELECT * FROM `mh_admin` WHERE  `id` = 1 LIMIT 1 [ RunTime:0.019002s ]
---------------------------------------------------------------
[ 2018-08-29T14:23:57+08:00 ] 10.0.0.97 GET dev.tp5_1.com/
[运行时间：0.065004s] [吞吐率：15.38req/s] [内存消耗：2,283.86kb] [文件加载：71]
[ info ] [ LANG ] E:\phpstudy\WWW\tp5\thinkphp\lang\zh-cn.php
[ info ] [ ROUTE ] array (
)
[ info ] [ HEADER ] array (
  'cache-control' => 'max-age=0',
  'upgrade-insecure-requests' => '1',
  'connection' => 'close',
  'cookie' => 'thinkphp_show_page_trace=0|0',
  'accept-encoding' => 'gzip, deflate',
  'accept-language' => 'zh-CN,zh;q=0.8,zh-TW;q=0.7,zh-HK;q=0.5,en-US;q=0.3,en;q=0.2',
  'accept' => 'text/html,application/xhtml+xml,application/xml;q=0.9,*/*;q=0.8',
  'user-agent' => 'Mozilla/5.0 (Windows NT 6.1; Win64; x64; rv:61.0) Gecko/20100101 Firefox/61.0',
  'host' => 'dev.tp5_1.com',
)
[ info ] [ PARAM ] array (
)
[ info ] [ DB ] INIT mysql
[ sql ] [ DB ] CONNECT:[ UseTime:0.010000s ] mysql:host=127.0.0.1;port=3306;dbname=works;charset=utf8
[ sql ] [ SQL ] SHOW COLUMNS FROM `mh_admin` [ RunTime:0.017001s ]
[ sql ] [ SQL ] SELECT * FROM `mh_admin` WHERE  `id` = 1 LIMIT 1 [ RunTime:0.000000s ]
---------------------------------------------------------------
[ 2018-08-29T14:24:25+08:00 ] 10.0.0.97 GET dev.tp5_1.com/
[运行时间：0.066004s] [吞吐率：15.15req/s] [内存消耗：2,283.84kb] [文件加载：71]
[ info ] [ LANG ] E:\phpstudy\WWW\tp5\thinkphp\lang\zh-cn.php
[ info ] [ ROUTE ] array (
)
[ info ] [ HEADER ] array (
  'cache-control' => 'max-age=0',
  'upgrade-insecure-requests' => '1',
  'connection' => 'close',
  'cookie' => 'thinkphp_show_page_trace=0|0',
  'accept-encoding' => 'gzip, deflate',
  'accept-language' => 'zh-CN,zh;q=0.8,zh-TW;q=0.7,zh-HK;q=0.5,en-US;q=0.3,en;q=0.2',
  'accept' => 'text/html,application/xhtml+xml,application/xml;q=0.9,*/*;q=0.8',
  'user-agent' => 'Mozilla/5.0 (Windows NT 6.1; Win64; x64; rv:61.0) Gecko/20100101 Firefox/61.0',
  'host' => 'dev.tp5_1.com',
)
[ info ] [ PARAM ] array (
)
[ info ] [ DB ] INIT mysql
[ sql ] [ DB ] CONNECT:[ UseTime:0.010000s ] mysql:host=127.0.0.1;port=3306;dbname=works;charset=utf8
[ sql ] [ SQL ] SHOW COLUMNS FROM `mh_admin` [ RunTime:0.018001s ]
[ sql ] [ SQL ] SELECT * FROM `mh_admin` WHERE  `id` = 1 LIMIT 1 [ RunTime:0.001000s ]
---------------------------------------------------------------
[ 2018-08-29T14:24:44+08:00 ] 10.0.0.97 GET dev.tp5_1.com/
[运行时间：0.114006s] [吞吐率：8.77req/s] [内存消耗：2,283.86kb] [文件加载：71]
[ info ] [ LANG ] E:\phpstudy\WWW\tp5\thinkphp\lang\zh-cn.php
[ info ] [ ROUTE ] array (
)
[ info ] [ HEADER ] array (
  'cache-control' => 'max-age=0',
  'upgrade-insecure-requests' => '1',
  'connection' => 'close',
  'cookie' => 'thinkphp_show_page_trace=0|0',
  'accept-encoding' => 'gzip, deflate',
  'accept-language' => 'zh-CN,zh;q=0.8,zh-TW;q=0.7,zh-HK;q=0.5,en-US;q=0.3,en;q=0.2',
  'accept' => 'text/html,application/xhtml+xml,application/xml;q=0.9,*/*;q=0.8',
  'user-agent' => 'Mozilla/5.0 (Windows NT 6.1; Win64; x64; rv:61.0) Gecko/20100101 Firefox/61.0',
  'host' => 'dev.tp5_1.com',
)
[ info ] [ PARAM ] array (
)
[ info ] [ DB ] INIT mysql
[ sql ] [ DB ] CONNECT:[ UseTime:0.001000s ] mysql:host=127.0.0.1;port=3306;dbname=works;charset=utf8
[ sql ] [ SQL ] SHOW COLUMNS FROM `mh_admin` [ RunTime:0.072004s ]
[ sql ] [ SQL ] SELECT * FROM `mh_admin` WHERE  `id` = 1 LIMIT 1 [ RunTime:0.001000s ]
---------------------------------------------------------------
[ 2018-08-29T14:25:05+08:00 ] 10.0.0.97 GET dev.tp5_1.com/
[运行时间：0.064004s] [吞吐率：15.62req/s] [内存消耗：2,283.86kb] [文件加载：71]
[ info ] [ LANG ] E:\phpstudy\WWW\tp5\thinkphp\lang\zh-cn.php
[ info ] [ ROUTE ] array (
)
[ info ] [ HEADER ] array (
  'cache-control' => 'max-age=0',
  'upgrade-insecure-requests' => '1',
  'connection' => 'close',
  'cookie' => 'thinkphp_show_page_trace=0|0',
  'accept-encoding' => 'gzip, deflate',
  'accept-language' => 'zh-CN,zh;q=0.8,zh-TW;q=0.7,zh-HK;q=0.5,en-US;q=0.3,en;q=0.2',
  'accept' => 'text/html,application/xhtml+xml,application/xml;q=0.9,*/*;q=0.8',
  'user-agent' => 'Mozilla/5.0 (Windows NT 6.1; Win64; x64; rv:61.0) Gecko/20100101 Firefox/61.0',
  'host' => 'dev.tp5_1.com',
)
[ info ] [ PARAM ] array (
)
[ info ] [ DB ] INIT mysql
[ sql ] [ DB ] CONNECT:[ UseTime:0.011001s ] mysql:host=127.0.0.1;port=3306;dbname=works;charset=utf8
[ sql ] [ SQL ] SHOW COLUMNS FROM `mh_admin` [ RunTime:0.017001s ]
[ sql ] [ SQL ] SELECT * FROM `mh_admin` WHERE  `id` = 1 LIMIT 1 [ RunTime:0.000000s ]
---------------------------------------------------------------
[ 2018-08-29T14:25:23+08:00 ] 10.0.0.97 GET dev.tp5_1.com/
[运行时间：0.066004s] [吞吐率：15.15req/s] [内存消耗：2,283.84kb] [文件加载：71]
[ info ] [ LANG ] E:\phpstudy\WWW\tp5\thinkphp\lang\zh-cn.php
[ info ] [ ROUTE ] array (
)
[ info ] [ HEADER ] array (
  'cache-control' => 'max-age=0',
  'upgrade-insecure-requests' => '1',
  'connection' => 'close',
  'cookie' => 'thinkphp_show_page_trace=0|0',
  'accept-encoding' => 'gzip, deflate',
  'accept-language' => 'zh-CN,zh;q=0.8,zh-TW;q=0.7,zh-HK;q=0.5,en-US;q=0.3,en;q=0.2',
  'accept' => 'text/html,application/xhtml+xml,application/xml;q=0.9,*/*;q=0.8',
  'user-agent' => 'Mozilla/5.0 (Windows NT 6.1; Win64; x64; rv:61.0) Gecko/20100101 Firefox/61.0',
  'host' => 'dev.tp5_1.com',
)
[ info ] [ PARAM ] array (
)
[ info ] [ DB ] INIT mysql
[ sql ] [ DB ] CONNECT:[ UseTime:0.010001s ] mysql:host=127.0.0.1;port=3306;dbname=works;charset=utf8
[ sql ] [ SQL ] SHOW COLUMNS FROM `mh_admin` [ RunTime:0.018001s ]
[ sql ] [ SQL ] SELECT * FROM `mh_admin` WHERE  `id` = 1 LIMIT 1 [ RunTime:0.000000s ]
---------------------------------------------------------------
[ 2018-08-29T14:25:42+08:00 ] 10.0.0.97 GET dev.tp5_1.com/
[运行时间：0.066004s] [吞吐率：15.15req/s] [内存消耗：2,283.84kb] [文件加载：71]
[ info ] [ LANG ] E:\phpstudy\WWW\tp5\thinkphp\lang\zh-cn.php
[ info ] [ ROUTE ] array (
)
[ info ] [ HEADER ] array (
  'cache-control' => 'max-age=0',
  'upgrade-insecure-requests' => '1',
  'connection' => 'close',
  'cookie' => 'thinkphp_show_page_trace=0|0',
  'accept-encoding' => 'gzip, deflate',
  'accept-language' => 'zh-CN,zh;q=0.8,zh-TW;q=0.7,zh-HK;q=0.5,en-US;q=0.3,en;q=0.2',
  'accept' => 'text/html,application/xhtml+xml,application/xml;q=0.9,*/*;q=0.8',
  'user-agent' => 'Mozilla/5.0 (Windows NT 6.1; Win64; x64; rv:61.0) Gecko/20100101 Firefox/61.0',
  'host' => 'dev.tp5_1.com',
)
[ info ] [ PARAM ] array (
)
[ info ] [ DB ] INIT mysql
[ sql ] [ DB ] CONNECT:[ UseTime:0.001000s ] mysql:host=127.0.0.1;port=3306;dbname=works;charset=utf8
[ sql ] [ SQL ] SHOW COLUMNS FROM `mh_admin` [ RunTime:0.017001s ]
[ sql ] [ SQL ] SELECT * FROM `mh_admin` WHERE  `id` = 1 LIMIT 1 [ RunTime:0.000000s ]
---------------------------------------------------------------
[ 2018-08-29T14:26:22+08:00 ] 10.0.0.97 GET dev.tp5_1.com/
[运行时间：0.549031s] [吞吐率：1.82req/s] [内存消耗：2,368.38kb] [文件加载：78]
[ info ] [ LANG ] E:\phpstudy\WWW\tp5\thinkphp\lang\zh-cn.php
[ info ] [ ROUTE ] array (
)
[ info ] [ HEADER ] array (
  'cache-control' => 'max-age=0',
  'upgrade-insecure-requests' => '1',
  'connection' => 'close',
  'cookie' => 'thinkphp_show_page_trace=0|0',
  'accept-encoding' => 'gzip, deflate',
  'accept-language' => 'zh-CN,zh;q=0.8,zh-TW;q=0.7,zh-HK;q=0.5,en-US;q=0.3,en;q=0.2',
  'accept' => 'text/html,application/xhtml+xml,application/xml;q=0.9,*/*;q=0.8',
  'user-agent' => 'Mozilla/5.0 (Windows NT 6.1; Win64; x64; rv:61.0) Gecko/20100101 Firefox/61.0',
  'host' => 'dev.tp5_1.com',
)
[ info ] [ PARAM ] array (
)
[ info ] [ DB ] INIT mysql
[ sql ] [ DB ] CONNECT:[ UseTime:0.001001s ] mysql:host=127.0.0.1;port=3306;dbname=works;charset=utf8
[ sql ] [ SQL ] SHOW COLUMNS FROM `mh_admin` [ RunTime:0.024001s ]
[ sql ] [ SQL ] SELECT * FROM `mh_admin` WHERE  `id` = 1 LIMIT 1 [ RunTime:0.000000s ]
[ error ] [8]Array to string conversion[E:\phpstudy\WWW\tp5\application\index\controller\Index.php:21]
---------------------------------------------------------------
[ 2018-08-29T14:26:59+08:00 ] 10.0.0.97 GET dev.tp5_1.com/
[运行时间：0.068003s] [吞吐率：14.71req/s] [内存消耗：2,284.47kb] [文件加载：71]
[ info ] [ LANG ] E:\phpstudy\WWW\tp5\thinkphp\lang\zh-cn.php
[ info ] [ ROUTE ] array (
)
[ info ] [ HEADER ] array (
  'cache-control' => 'max-age=0',
  'upgrade-insecure-requests' => '1',
  'connection' => 'close',
  'cookie' => 'thinkphp_show_page_trace=0|0',
  'accept-encoding' => 'gzip, deflate',
  'accept-language' => 'zh-CN,zh;q=0.8,zh-TW;q=0.7,zh-HK;q=0.5,en-US;q=0.3,en;q=0.2',
  'accept' => 'text/html,application/xhtml+xml,application/xml;q=0.9,*/*;q=0.8',
  'user-agent' => 'Mozilla/5.0 (Windows NT 6.1; Win64; x64; rv:61.0) Gecko/20100101 Firefox/61.0',
  'host' => 'dev.tp5_1.com',
)
[ info ] [ PARAM ] array (
)
[ info ] [ DB ] INIT mysql
[ sql ] [ DB ] CONNECT:[ UseTime:0.001000s ] mysql:host=127.0.0.1;port=3306;dbname=works;charset=utf8
[ sql ] [ SQL ] SHOW COLUMNS FROM `mh_admin` [ RunTime:0.029001s ]
[ sql ] [ SQL ] SELECT * FROM `mh_admin` WHERE  `id` = 1 LIMIT 1 [ RunTime:0.001000s ]
---------------------------------------------------------------
[ 2018-08-29T14:27:13+08:00 ] 10.0.0.97 GET dev.tp5_1.com/
[运行时间：0.054003s] [吞吐率：18.52req/s] [内存消耗：2,284.47kb] [文件加载：71]
[ info ] [ LANG ] E:\phpstudy\WWW\tp5\thinkphp\lang\zh-cn.php
[ info ] [ ROUTE ] array (
)
[ info ] [ HEADER ] array (
  'cache-control' => 'max-age=0',
  'upgrade-insecure-requests' => '1',
  'connection' => 'close',
  'cookie' => 'thinkphp_show_page_trace=0|0',
  'accept-encoding' => 'gzip, deflate',
  'accept-language' => 'zh-CN,zh;q=0.8,zh-TW;q=0.7,zh-HK;q=0.5,en-US;q=0.3,en;q=0.2',
  'accept' => 'text/html,application/xhtml+xml,application/xml;q=0.9,*/*;q=0.8',
  'user-agent' => 'Mozilla/5.0 (Windows NT 6.1; Win64; x64; rv:61.0) Gecko/20100101 Firefox/61.0',
  'host' => 'dev.tp5_1.com',
)
[ info ] [ PARAM ] array (
)
[ info ] [ DB ] INIT mysql
[ sql ] [ DB ] CONNECT:[ UseTime:0.002000s ] mysql:host=127.0.0.1;port=3306;dbname=works;charset=utf8
[ sql ] [ SQL ] SHOW COLUMNS FROM `mh_admin` [ RunTime:0.017001s ]
[ sql ] [ SQL ] SELECT * FROM `mh_admin` WHERE  `id` = 1 LIMIT 1 [ RunTime:0.001000s ]
---------------------------------------------------------------
[ 2018-08-29T14:27:26+08:00 ] 10.0.0.97 GET dev.tp5_1.com/
[运行时间：0.066004s] [吞吐率：15.15req/s] [内存消耗：2,283.70kb] [文件加载：71]
[ info ] [ LANG ] E:\phpstudy\WWW\tp5\thinkphp\lang\zh-cn.php
[ info ] [ ROUTE ] array (
)
[ info ] [ HEADER ] array (
  'accept-language' => 'zh-CN,zh;q=0.9',
  'accept-encoding' => 'gzip, deflate',
  'accept' => 'text/html,application/xhtml+xml,application/xml;q=0.9,image/webp,image/apng,*/*;q=0.8',
  'user-agent' => 'Mozilla/5.0 (Windows NT 6.1; WOW64) AppleWebKit/537.36 (KHTML, like Gecko) Chrome/68.0.3440.106 Safari/537.36',
  'upgrade-insecure-requests' => '1',
  'connection' => 'close',
  'host' => 'dev.tp5_1.com',
)
[ info ] [ PARAM ] array (
)
[ info ] [ DB ] INIT mysql
[ sql ] [ DB ] CONNECT:[ UseTime:0.010000s ] mysql:host=127.0.0.1;port=3306;dbname=works;charset=utf8
[ sql ] [ SQL ] SHOW COLUMNS FROM `mh_admin` [ RunTime:0.017001s ]
[ sql ] [ SQL ] SELECT * FROM `mh_admin` WHERE  `id` = 1 LIMIT 1 [ RunTime:0.001000s ]
---------------------------------------------------------------
[ 2018-08-29T14:30:03+08:00 ] 10.0.0.97 GET dev.tp5_1.com/
[运行时间：0.066004s] [吞吐率：15.15req/s] [内存消耗：2,283.83kb] [文件加载：71]
[ info ] [ LANG ] E:\phpstudy\WWW\tp5\thinkphp\lang\zh-cn.php
[ info ] [ ROUTE ] array (
)
[ info ] [ HEADER ] array (
  'accept-language' => 'zh-CN,zh;q=0.9',
  'accept-encoding' => 'gzip, deflate',
  'accept' => 'text/html,application/xhtml+xml,application/xml;q=0.9,image/webp,image/apng,*/*;q=0.8',
  'user-agent' => 'Mozilla/5.0 (Windows NT 6.1; WOW64) AppleWebKit/537.36 (KHTML, like Gecko) Chrome/68.0.3440.106 Safari/537.36',
  'upgrade-insecure-requests' => '1',
  'cache-control' => 'max-age=0',
  'connection' => 'close',
  'host' => 'dev.tp5_1.com',
)
[ info ] [ PARAM ] array (
)
[ info ] [ DB ] INIT mysql
[ sql ] [ DB ] CONNECT:[ UseTime:0.001000s ] mysql:host=127.0.0.1;port=3306;dbname=works;charset=utf8
[ sql ] [ SQL ] SHOW COLUMNS FROM `mh_admin` [ RunTime:0.022001s ]
[ sql ] [ SQL ] SELECT * FROM `mh_admin` WHERE  `id` = 1 LIMIT 1 [ RunTime:0.000000s ]
---------------------------------------------------------------
[ 2018-08-29T14:31:54+08:00 ] 10.0.0.97 GET dev.tp5_1.com/
[运行时间：0.073005s] [吞吐率：13.70req/s] [内存消耗：2,284.37kb] [文件加载：71]
[ info ] [ LANG ] E:\phpstudy\WWW\tp5\thinkphp\lang\zh-cn.php
[ info ] [ ROUTE ] array (
)
[ info ] [ HEADER ] array (
  'accept-language' => 'zh-CN,zh;q=0.9',
  'accept-encoding' => 'gzip, deflate',
  'accept' => 'text/html,application/xhtml+xml,application/xml;q=0.9,image/webp,image/apng,*/*;q=0.8',
  'user-agent' => 'Mozilla/5.0 (Windows NT 6.1; WOW64) AppleWebKit/537.36 (KHTML, like Gecko) Chrome/68.0.3440.106 Safari/537.36',
  'upgrade-insecure-requests' => '1',
  'cache-control' => 'max-age=0',
  'connection' => 'close',
  'host' => 'dev.tp5_1.com',
)
[ info ] [ PARAM ] array (
)
[ info ] [ DB ] INIT mysql
[ sql ] [ DB ] CONNECT:[ UseTime:0.011000s ] mysql:host=127.0.0.1;port=3306;dbname=works;charset=utf8
[ sql ] [ SQL ] SHOW COLUMNS FROM `mh_admin` [ RunTime:0.021001s ]
[ sql ] [ SQL ] SELECT * FROM `mh_admin` WHERE  `id` = 1 LIMIT 1 [ RunTime:0.000000s ]
---------------------------------------------------------------
[ 2018-08-29T14:32:59+08:00 ] 10.0.0.97 GET dev.tp5_1.com/
[运行时间：0.109006s] [吞吐率：9.17req/s] [内存消耗：2,283.82kb] [文件加载：71]
[ info ] [ LANG ] E:\phpstudy\WWW\tp5\thinkphp\lang\zh-cn.php
[ info ] [ ROUTE ] array (
)
[ info ] [ HEADER ] array (
  'accept-language' => 'zh-CN,zh;q=0.9',
  'accept-encoding' => 'gzip, deflate',
  'accept' => 'text/html,application/xhtml+xml,application/xml;q=0.9,image/webp,image/apng,*/*;q=0.8',
  'user-agent' => 'Mozilla/5.0 (Windows NT 6.1; WOW64) AppleWebKit/537.36 (KHTML, like Gecko) Chrome/68.0.3440.106 Safari/537.36',
  'upgrade-insecure-requests' => '1',
  'cache-control' => 'max-age=0',
  'connection' => 'close',
  'host' => 'dev.tp5_1.com',
)
[ info ] [ PARAM ] array (
)
[ info ] [ DB ] INIT mysql
[ sql ] [ DB ] CONNECT:[ UseTime:0.001000s ] mysql:host=127.0.0.1;port=3306;dbname=works;charset=utf8
[ sql ] [ SQL ] SHOW COLUMNS FROM `mh_admin` [ RunTime:0.034002s ]
[ sql ] [ SQL ] SELECT * FROM `mh_admin` WHERE  `id` = 1 LIMIT 1 [ RunTime:0.001000s ]
---------------------------------------------------------------
[ 2018-08-29T14:33:26+08:00 ] 10.0.0.97 GET dev.tp5_1.com/
[运行时间：0.069004s] [吞吐率：14.49req/s] [内存消耗：2,283.85kb] [文件加载：71]
[ info ] [ LANG ] E:\phpstudy\WWW\tp5\thinkphp\lang\zh-cn.php
[ info ] [ ROUTE ] array (
)
[ info ] [ HEADER ] array (
  'accept-language' => 'zh-CN,zh;q=0.9',
  'accept-encoding' => 'gzip, deflate',
  'accept' => 'text/html,application/xhtml+xml,application/xml;q=0.9,image/webp,image/apng,*/*;q=0.8',
  'user-agent' => 'Mozilla/5.0 (Windows NT 6.1; WOW64) AppleWebKit/537.36 (KHTML, like Gecko) Chrome/68.0.3440.106 Safari/537.36',
  'upgrade-insecure-requests' => '1',
  'cache-control' => 'max-age=0',
  'connection' => 'close',
  'host' => 'dev.tp5_1.com',
)
[ info ] [ PARAM ] array (
)
[ info ] [ DB ] INIT mysql
[ sql ] [ DB ] CONNECT:[ UseTime:0.001001s ] mysql:host=127.0.0.1;port=3306;dbname=works;charset=utf8
[ sql ] [ SQL ] SHOW COLUMNS FROM `mh_admin` [ RunTime:0.023001s ]
[ sql ] [ SQL ] SELECT * FROM `mh_admin` WHERE  `id` = 1 LIMIT 1 [ RunTime:0.001000s ]
---------------------------------------------------------------
[ 2018-08-29T14:33:43+08:00 ] 10.0.0.97 GET dev.tp5_1.com/
[运行时间：0.064004s] [吞吐率：15.62req/s] [内存消耗：2,283.84kb] [文件加载：71]
[ info ] [ LANG ] E:\phpstudy\WWW\tp5\thinkphp\lang\zh-cn.php
[ info ] [ ROUTE ] array (
)
[ info ] [ HEADER ] array (
  'accept-language' => 'zh-CN,zh;q=0.9',
  'accept-encoding' => 'gzip, deflate',
  'accept' => 'text/html,application/xhtml+xml,application/xml;q=0.9,image/webp,image/apng,*/*;q=0.8',
  'user-agent' => 'Mozilla/5.0 (Windows NT 6.1; WOW64) AppleWebKit/537.36 (KHTML, like Gecko) Chrome/68.0.3440.106 Safari/537.36',
  'upgrade-insecure-requests' => '1',
  'cache-control' => 'max-age=0',
  'connection' => 'close',
  'host' => 'dev.tp5_1.com',
)
[ info ] [ PARAM ] array (
)
[ info ] [ DB ] INIT mysql
[ sql ] [ DB ] CONNECT:[ UseTime:0.001000s ] mysql:host=127.0.0.1;port=3306;dbname=works;charset=utf8
[ sql ] [ SQL ] SHOW COLUMNS FROM `mh_admin` [ RunTime:0.022002s ]
[ sql ] [ SQL ] SELECT * FROM `mh_admin` WHERE  `id` = 1 LIMIT 1 [ RunTime:0.001000s ]
---------------------------------------------------------------
[ 2018-08-29T14:37:53+08:00 ] 10.0.0.97 GET dev.tp5_1.com/
[运行时间：0.071004s] [吞吐率：14.08req/s] [内存消耗：2,283.84kb] [文件加载：71]
[ info ] [ LANG ] E:\phpstudy\WWW\tp5\thinkphp\lang\zh-cn.php
[ info ] [ ROUTE ] array (
)
[ info ] [ HEADER ] array (
  'accept-language' => 'zh-CN,zh;q=0.9',
  'accept-encoding' => 'gzip, deflate',
  'accept' => 'text/html,application/xhtml+xml,application/xml;q=0.9,image/webp,image/apng,*/*;q=0.8',
  'user-agent' => 'Mozilla/5.0 (Windows NT 6.1; WOW64) AppleWebKit/537.36 (KHTML, like Gecko) Chrome/68.0.3440.106 Safari/537.36',
  'upgrade-insecure-requests' => '1',
  'cache-control' => 'max-age=0',
  'connection' => 'close',
  'host' => 'dev.tp5_1.com',
)
[ info ] [ PARAM ] array (
)
[ info ] [ DB ] INIT mysql
[ sql ] [ DB ] CONNECT:[ UseTime:0.010000s ] mysql:host=127.0.0.1;port=3306;dbname=works;charset=utf8
[ sql ] [ SQL ] SHOW COLUMNS FROM `mh_admin` [ RunTime:0.018001s ]
[ sql ] [ SQL ] SELECT * FROM `mh_admin` WHERE  `id` = 1 LIMIT 1 [ RunTime:0.001000s ]
---------------------------------------------------------------
[ 2018-08-29T14:38:18+08:00 ] 10.0.0.97 GET dev.tp5_1.com/
[运行时间：0.061003s] [吞吐率：16.39req/s] [内存消耗：2,283.86kb] [文件加载：71]
[ info ] [ LANG ] E:\phpstudy\WWW\tp5\thinkphp\lang\zh-cn.php
[ info ] [ ROUTE ] array (
)
[ info ] [ HEADER ] array (
  'accept-language' => 'zh-CN,zh;q=0.9',
  'accept-encoding' => 'gzip, deflate',
  'accept' => 'text/html,application/xhtml+xml,application/xml;q=0.9,image/webp,image/apng,*/*;q=0.8',
  'user-agent' => 'Mozilla/5.0 (Windows NT 6.1; WOW64) AppleWebKit/537.36 (KHTML, like Gecko) Chrome/68.0.3440.106 Safari/537.36',
  'upgrade-insecure-requests' => '1',
  'cache-control' => 'max-age=0',
  'connection' => 'close',
  'host' => 'dev.tp5_1.com',
)
[ info ] [ PARAM ] array (
)
[ info ] [ DB ] INIT mysql
[ sql ] [ DB ] CONNECT:[ UseTime:0.001000s ] mysql:host=127.0.0.1;port=3306;dbname=works;charset=utf8
[ sql ] [ SQL ] SHOW COLUMNS FROM `mh_admin` [ RunTime:0.018001s ]
[ sql ] [ SQL ] SELECT * FROM `mh_admin` WHERE  `id` = 1 LIMIT 1 [ RunTime:0.001000s ]
---------------------------------------------------------------
[ 2018-08-29T16:47:47+08:00 ] 10.0.0.97 GET dev.tp5_1.com/
[运行时间：0.137008s] [吞吐率：7.30req/s] [内存消耗：2,369.39kb] [文件加载：78]
[ info ] [ LANG ] E:\phpstudy\WWW\tp5\thinkphp\lang\zh-cn.php
[ info ] [ ROUTE ] array (
)
[ info ] [ HEADER ] array (
  'upgrade-insecure-requests' => '1',
  'connection' => 'close',
  'cookie' => 'thinkphp_show_page_trace=0|0',
  'accept-encoding' => 'gzip, deflate',
  'accept-language' => 'zh-CN,zh;q=0.8,zh-TW;q=0.7,zh-HK;q=0.5,en-US;q=0.3,en;q=0.2',
  'accept' => 'text/html,application/xhtml+xml,application/xml;q=0.9,*/*;q=0.8',
  'user-agent' => 'Mozilla/5.0 (Windows NT 6.1; Win64; x64; rv:61.0) Gecko/20100101 Firefox/61.0',
  'host' => 'dev.tp5_1.com',
)
[ info ] [ PARAM ] array (
)
[ info ] [ DB ] INIT mysql
[ sql ] [ DB ] CONNECT:[ UseTime:0.002000s ] mysql:host=127.0.0.1;port=3306;dbname=works;charset=utf8
[ sql ] [ SQL ] SHOW COLUMNS FROM `mh_admin` [ RunTime:0.079005s ]
[ sql ] [ SQL ] SELECT * FROM `mh_admin` WHERE  `id` = 1 LIMIT 1 [ RunTime:0.000000s ]
[ error ] [8192]Non-static method think\Request::get() should not be called statically[E:\phpstudy\WWW\tp5\application\index\controller\Index.php:20]
---------------------------------------------------------------
[ 2018-08-29T16:48:00+08:00 ] 10.0.0.97 GET dev.tp5_1.com/
[运行时间：0.075004s] [吞吐率：13.33req/s] [内存消耗：2,369.22kb] [文件加载：78]
[ info ] [ LANG ] E:\phpstudy\WWW\tp5\thinkphp\lang\zh-cn.php
[ info ] [ ROUTE ] array (
)
[ info ] [ HEADER ] array (
  'cache-control' => 'max-age=0',
  'upgrade-insecure-requests' => '1',
  'connection' => 'close',
  'cookie' => 'thinkphp_show_page_trace=0|0',
  'accept-encoding' => 'gzip, deflate',
  'accept-language' => 'zh-CN,zh;q=0.8,zh-TW;q=0.7,zh-HK;q=0.5,en-US;q=0.3,en;q=0.2',
  'accept' => 'text/html,application/xhtml+xml,application/xml;q=0.9,*/*;q=0.8',
  'user-agent' => 'Mozilla/5.0 (Windows NT 6.1; Win64; x64; rv:61.0) Gecko/20100101 Firefox/61.0',
  'host' => 'dev.tp5_1.com',
)
[ info ] [ PARAM ] array (
)
[ info ] [ DB ] INIT mysql
[ sql ] [ DB ] CONNECT:[ UseTime:0.010000s ] mysql:host=127.0.0.1;port=3306;dbname=works;charset=utf8
[ sql ] [ SQL ] SHOW COLUMNS FROM `mh_admin` [ RunTime:0.018001s ]
[ sql ] [ SQL ] SELECT * FROM `mh_admin` WHERE  `id` = 1 LIMIT 1 [ RunTime:0.000000s ]
[ error ] [8192]Non-static method think\Request::get() should not be called statically[E:\phpstudy\WWW\tp5\application\index\controller\Index.php:20]
---------------------------------------------------------------
[ 2018-08-29T16:48:39+08:00 ] 10.0.0.97 GET dev.tp5_1.com/
[运行时间：0.199012s] [吞吐率：5.02req/s] [内存消耗：2,368.69kb] [文件加载：78]
[ info ] [ LANG ] E:\phpstudy\WWW\tp5\thinkphp\lang\zh-cn.php
[ info ] [ ROUTE ] array (
)
[ info ] [ HEADER ] array (
  'upgrade-insecure-requests' => '1',
  'connection' => 'close',
  'cookie' => 'thinkphp_show_page_trace=0|0',
  'accept-encoding' => 'gzip, deflate',
  'accept-language' => 'zh-CN,zh;q=0.8,zh-TW;q=0.7,zh-HK;q=0.5,en-US;q=0.3,en;q=0.2',
  'accept' => 'text/html,application/xhtml+xml,application/xml;q=0.9,*/*;q=0.8',
  'user-agent' => 'Mozilla/5.0 (Windows NT 6.1; Win64; x64; rv:61.0) Gecko/20100101 Firefox/61.0',
  'host' => 'dev.tp5_1.com',
)
[ info ] [ PARAM ] array (
)
[ info ] [ DB ] INIT mysql
[ sql ] [ DB ] CONNECT:[ UseTime:0.105006s ] mysql:host=127.0.0.1;port=3306;dbname=works;charset=utf8
[ sql ] [ SQL ] SHOW COLUMNS FROM `mh_admin` [ RunTime:0.043003s ]
[ sql ] [ SQL ] SELECT * FROM `mh_admin` WHERE  `id` = 1 LIMIT 1 [ RunTime:0.001000s ]
[ error ] [8192]Non-static method think\Request::get() should not be called statically[E:\phpstudy\WWW\tp5\application\index\controller\Index.php:20]
---------------------------------------------------------------
[ 2018-08-29T16:50:28+08:00 ] 10.0.0.97 GET dev.tp5_1.com/
[运行时间：0.119007s] [吞吐率：8.40req/s] [内存消耗：2,282.32kb] [文件加载：70]
[ info ] [ LANG ] E:\phpstudy\WWW\tp5\thinkphp\lang\zh-cn.php
[ info ] [ ROUTE ] array (
)
[ info ] [ HEADER ] array (
  'cache-control' => 'max-age=0',
  'upgrade-insecure-requests' => '1',
  'connection' => 'close',
  'cookie' => 'thinkphp_show_page_trace=0|0',
  'accept-encoding' => 'gzip, deflate',
  'accept-language' => 'zh-CN,zh;q=0.8,zh-TW;q=0.7,zh-HK;q=0.5,en-US;q=0.3,en;q=0.2',
  'accept' => 'text/html,application/xhtml+xml,application/xml;q=0.9,*/*;q=0.8',
  'user-agent' => 'Mozilla/5.0 (Windows NT 6.1; Win64; x64; rv:61.0) Gecko/20100101 Firefox/61.0',
  'host' => 'dev.tp5_1.com',
)
[ info ] [ PARAM ] array (
)
[ info ] [ DB ] INIT mysql
[ sql ] [ DB ] CONNECT:[ UseTime:0.010001s ] mysql:host=127.0.0.1;port=3306;dbname=works;charset=utf8
[ sql ] [ SQL ] SHOW COLUMNS FROM `mh_admin` [ RunTime:0.069004s ]
[ sql ] [ SQL ] SELECT * FROM `mh_admin` WHERE  `id` = 1 LIMIT 1 [ RunTime:0.000000s ]
---------------------------------------------------------------
[ 2018-08-29T16:50:43+08:00 ] 10.0.0.97 GET dev.tp5_1.com/
[运行时间：0.074004s] [吞吐率：13.51req/s] [内存消耗：2,284.12kb] [文件加载：70]
[ info ] [ LANG ] E:\phpstudy\WWW\tp5\thinkphp\lang\zh-cn.php
[ info ] [ ROUTE ] array (
)
[ info ] [ HEADER ] array (
  'cache-control' => 'max-age=0',
  'upgrade-insecure-requests' => '1',
  'connection' => 'close',
  'cookie' => 'thinkphp_show_page_trace=0|0',
  'accept-encoding' => 'gzip, deflate',
  'accept-language' => 'zh-CN,zh;q=0.8,zh-TW;q=0.7,zh-HK;q=0.5,en-US;q=0.3,en;q=0.2',
  'accept' => 'text/html,application/xhtml+xml,application/xml;q=0.9,*/*;q=0.8',
  'user-agent' => 'Mozilla/5.0 (Windows NT 6.1; Win64; x64; rv:61.0) Gecko/20100101 Firefox/61.0',
  'host' => 'dev.tp5_1.com',
)
[ info ] [ PARAM ] array (
)
[ info ] [ DB ] INIT mysql
[ sql ] [ DB ] CONNECT:[ UseTime:0.016000s ] mysql:host=127.0.0.1;port=3306;dbname=works;charset=utf8
[ sql ] [ SQL ] SHOW COLUMNS FROM `mh_admin` [ RunTime:0.022002s ]
[ sql ] [ SQL ] SELECT * FROM `mh_admin` WHERE  `id` = 1 LIMIT 1 [ RunTime:0.001000s ]
---------------------------------------------------------------
[ 2018-08-29T16:51:06+08:00 ] 10.0.0.97 GET dev.tp5_1.com/
[运行时间：0.095006s] [吞吐率：10.53req/s] [内存消耗：2,283.36kb] [文件加载：70]
[ info ] [ LANG ] E:\phpstudy\WWW\tp5\thinkphp\lang\zh-cn.php
[ info ] [ ROUTE ] array (
)
[ info ] [ HEADER ] array (
  'upgrade-insecure-requests' => '1',
  'connection' => 'close',
  'cookie' => 'thinkphp_show_page_trace=0|0',
  'accept-encoding' => 'gzip, deflate',
  'accept-language' => 'zh-CN,zh;q=0.8,zh-TW;q=0.7,zh-HK;q=0.5,en-US;q=0.3,en;q=0.2',
  'accept' => 'text/html,application/xhtml+xml,application/xml;q=0.9,*/*;q=0.8',
  'user-agent' => 'Mozilla/5.0 (Windows NT 6.1; Win64; x64; rv:61.0) Gecko/20100101 Firefox/61.0',
  'host' => 'dev.tp5_1.com',
)
[ info ] [ PARAM ] array (
)
[ info ] [ DB ] INIT mysql
[ sql ] [ DB ] CONNECT:[ UseTime:0.031002s ] mysql:host=127.0.0.1;port=3306;dbname=works;charset=utf8
[ sql ] [ SQL ] SHOW COLUMNS FROM `mh_admin` [ RunTime:0.028002s ]
[ sql ] [ SQL ] SELECT * FROM `mh_admin` WHERE  `id` = 1 LIMIT 1 [ RunTime:0.001000s ]
---------------------------------------------------------------
[ 2018-08-29T17:28:47+08:00 ] 10.0.0.97 GET dev.tp5_1.com/
[运行时间：0.106006s] [吞吐率：9.43req/s] [内存消耗：2,369.19kb] [文件加载：78]
[ info ] [ LANG ] E:\phpstudy\WWW\tp5\thinkphp\lang\zh-cn.php
[ info ] [ ROUTE ] array (
)
[ info ] [ HEADER ] array (
  'upgrade-insecure-requests' => '1',
  'connection' => 'close',
  'cookie' => 'thinkphp_show_page_trace=0|0',
  'accept-encoding' => 'gzip, deflate',
  'accept-language' => 'zh-CN,zh;q=0.8,zh-TW;q=0.7,zh-HK;q=0.5,en-US;q=0.3,en;q=0.2',
  'accept' => 'text/html,application/xhtml+xml,application/xml;q=0.9,*/*;q=0.8',
  'user-agent' => 'Mozilla/5.0 (Windows NT 6.1; Win64; x64; rv:61.0) Gecko/20100101 Firefox/61.0',
  'host' => 'dev.tp5_1.com',
)
[ info ] [ PARAM ] array (
)
[ info ] [ DB ] INIT mysql
[ sql ] [ DB ] CONNECT:[ UseTime:0.031002s ] mysql:host=127.0.0.1;port=3306;dbname=works;charset=utf8
[ sql ] [ SQL ] SHOW COLUMNS FROM `mh_admin` [ RunTime:0.025001s ]
[ sql ] [ SQL ] SELECT * FROM `mh_admin` WHERE  `id` = 1 LIMIT 1 [ RunTime:0.001000s ]
[ error ] [2]func_get_arg() expects exactly 1 parameter, 0 given[E:\phpstudy\WWW\tp5\application\index\controller\Index.php:20]
---------------------------------------------------------------
[ 2018-08-29T17:30:01+08:00 ] 10.0.0.97 GET dev.tp5_1.com/id/5
[运行时间：0.032002s] [吞吐率：31.25req/s] [内存消耗：1,175.03kb] [文件加载：56]
[ info ] [ LANG ] E:\phpstudy\WWW\tp5\thinkphp\lang\zh-cn.php
[ info ] [ ROUTE ] array (
)
[ info ] [ HEADER ] array (
  'upgrade-insecure-requests' => '1',
  'connection' => 'close',
  'cookie' => 'thinkphp_show_page_trace=0|0',
  'accept-encoding' => 'gzip, deflate',
  'accept-language' => 'zh-CN,zh;q=0.8,zh-TW;q=0.7,zh-HK;q=0.5,en-US;q=0.3,en;q=0.2',
  'accept' => 'text/html,application/xhtml+xml,application/xml;q=0.9,*/*;q=0.8',
  'user-agent' => 'Mozilla/5.0 (Windows NT 6.1; Win64; x64; rv:61.0) Gecko/20100101 Firefox/61.0',
  'host' => 'dev.tp5_1.com',
)
[ info ] [ PARAM ] array (
)
---------------------------------------------------------------
[ 2018-08-29T17:30:10+08:00 ] 10.0.0.97 GET dev.tp5_1.com/fff/5
[运行时间：0.024001s] [吞吐率：41.66req/s] [内存消耗：1,175.03kb] [文件加载：56]
[ info ] [ LANG ] E:\phpstudy\WWW\tp5\thinkphp\lang\zh-cn.php
[ info ] [ ROUTE ] array (
)
[ info ] [ HEADER ] array (
  'upgrade-insecure-requests' => '1',
  'connection' => 'close',
  'cookie' => 'thinkphp_show_page_trace=0|0',
  'accept-encoding' => 'gzip, deflate',
  'accept-language' => 'zh-CN,zh;q=0.8,zh-TW;q=0.7,zh-HK;q=0.5,en-US;q=0.3,en;q=0.2',
  'accept' => 'text/html,application/xhtml+xml,application/xml;q=0.9,*/*;q=0.8',
  'user-agent' => 'Mozilla/5.0 (Windows NT 6.1; Win64; x64; rv:61.0) Gecko/20100101 Firefox/61.0',
  'host' => 'dev.tp5_1.com',
)
[ info ] [ PARAM ] array (
)
---------------------------------------------------------------
[ 2018-08-29T17:30:25+08:00 ] 10.0.0.97 GET dev.tp5_1.com/index/index/index
[运行时间：0.081005s] [吞吐率：12.34req/s] [内存消耗：2,369.20kb] [文件加载：78]
[ info ] [ LANG ] E:\phpstudy\WWW\tp5\thinkphp\lang\zh-cn.php
[ info ] [ ROUTE ] array (
)
[ info ] [ HEADER ] array (
  'upgrade-insecure-requests' => '1',
  'connection' => 'close',
  'cookie' => 'thinkphp_show_page_trace=0|0',
  'accept-encoding' => 'gzip, deflate',
  'accept-language' => 'zh-CN,zh;q=0.8,zh-TW;q=0.7,zh-HK;q=0.5,en-US;q=0.3,en;q=0.2',
  'accept' => 'text/html,application/xhtml+xml,application/xml;q=0.9,*/*;q=0.8',
  'user-agent' => 'Mozilla/5.0 (Windows NT 6.1; Win64; x64; rv:61.0) Gecko/20100101 Firefox/61.0',
  'host' => 'dev.tp5_1.com',
)
[ info ] [ PARAM ] array (
)
[ info ] [ DB ] INIT mysql
[ sql ] [ DB ] CONNECT:[ UseTime:0.010001s ] mysql:host=127.0.0.1;port=3306;dbname=works;charset=utf8
[ sql ] [ SQL ] SHOW COLUMNS FROM `mh_admin` [ RunTime:0.022001s ]
[ sql ] [ SQL ] SELECT * FROM `mh_admin` WHERE  `id` = 1 LIMIT 1 [ RunTime:0.001000s ]
[ error ] [2]func_get_arg() expects exactly 1 parameter, 0 given[E:\phpstudy\WWW\tp5\application\index\controller\Index.php:20]
---------------------------------------------------------------
[ 2018-08-29T17:30:33+08:00 ] 10.0.0.97 GET dev.tp5_1.com/index/index/index/id/88
[运行时间：0.109007s] [吞吐率：9.17req/s] [内存消耗：2,370.00kb] [文件加载：78]
[ info ] [ LANG ] E:\phpstudy\WWW\tp5\thinkphp\lang\zh-cn.php
[ info ] [ ROUTE ] array (
)
[ info ] [ HEADER ] array (
  'upgrade-insecure-requests' => '1',
  'connection' => 'close',
  'cookie' => 'thinkphp_show_page_trace=0|0; thinkphp_show_page_trace=0|0',
  'accept-encoding' => 'gzip, deflate',
  'accept-language' => 'zh-CN,zh;q=0.8,zh-TW;q=0.7,zh-HK;q=0.5,en-US;q=0.3,en;q=0.2',
  'accept' => 'text/html,application/xhtml+xml,application/xml;q=0.9,*/*;q=0.8',
  'user-agent' => 'Mozilla/5.0 (Windows NT 6.1; Win64; x64; rv:61.0) Gecko/20100101 Firefox/61.0',
  'host' => 'dev.tp5_1.com',
)
[ info ] [ PARAM ] array (
  'id' => '88',
)
[ info ] [ DB ] INIT mysql
[ sql ] [ DB ] CONNECT:[ UseTime:0.029002s ] mysql:host=127.0.0.1;port=3306;dbname=works;charset=utf8
[ sql ] [ SQL ] SHOW COLUMNS FROM `mh_admin` [ RunTime:0.021001s ]
[ sql ] [ SQL ] SELECT * FROM `mh_admin` WHERE  `id` = 1 LIMIT 1 [ RunTime:0.001000s ]
[ error ] [2]func_get_arg() expects exactly 1 parameter, 0 given[E:\phpstudy\WWW\tp5\application\index\controller\Index.php:20]
---------------------------------------------------------------
[ 2018-08-29T17:30:45+08:00 ] 10.0.0.97 GET dev.tp5_1.com/index/index/index/id/88
[运行时间：0.087005s] [吞吐率：11.49req/s] [内存消耗：2,370.03kb] [文件加载：78]
[ info ] [ LANG ] E:\phpstudy\WWW\tp5\thinkphp\lang\zh-cn.php
[ info ] [ ROUTE ] array (
)
[ info ] [ HEADER ] array (
  'upgrade-insecure-requests' => '1',
  'connection' => 'close',
  'cookie' => 'thinkphp_show_page_trace=0|0; thinkphp_show_page_trace=0|0; thinkphp_show_page_trace=0|0',
  'accept-encoding' => 'gzip, deflate',
  'accept-language' => 'zh-CN,zh;q=0.8,zh-TW;q=0.7,zh-HK;q=0.5,en-US;q=0.3,en;q=0.2',
  'accept' => 'text/html,application/xhtml+xml,application/xml;q=0.9,*/*;q=0.8',
  'user-agent' => 'Mozilla/5.0 (Windows NT 6.1; Win64; x64; rv:61.0) Gecko/20100101 Firefox/61.0',
  'host' => 'dev.tp5_1.com',
)
[ info ] [ PARAM ] array (
  'id' => '88',
)
[ info ] [ DB ] INIT mysql
[ sql ] [ DB ] CONNECT:[ UseTime:0.001000s ] mysql:host=127.0.0.1;port=3306;dbname=works;charset=utf8
[ sql ] [ SQL ] SHOW COLUMNS FROM `mh_admin` [ RunTime:0.022001s ]
[ sql ] [ SQL ] SELECT * FROM `mh_admin` WHERE  `id` = 1 LIMIT 1 [ RunTime:0.001000s ]
[ error ] [2]func_get_arg() expects exactly 1 parameter, 0 given[E:\phpstudy\WWW\tp5\application\index\controller\Index.php:20]
---------------------------------------------------------------
[ 2018-08-29T17:32:06+08:00 ] 10.0.0.97 GET dev.tp5_1.com/index/index/index/id/88
[运行时间：0.069004s] [吞吐率：14.49req/s] [内存消耗：2,284.12kb] [文件加载：70]
[ info ] [ LANG ] E:\phpstudy\WWW\tp5\thinkphp\lang\zh-cn.php
[ info ] [ ROUTE ] array (
)
[ info ] [ HEADER ] array (
  'upgrade-insecure-requests' => '1',
  'connection' => 'close',
  'cookie' => 'thinkphp_show_page_trace=0|0; thinkphp_show_page_trace=0|0; thinkphp_show_page_trace=0|0',
  'accept-encoding' => 'gzip, deflate',
  'accept-language' => 'zh-CN,zh;q=0.8,zh-TW;q=0.7,zh-HK;q=0.5,en-US;q=0.3,en;q=0.2',
  'accept' => 'text/html,application/xhtml+xml,application/xml;q=0.9,*/*;q=0.8',
  'user-agent' => 'Mozilla/5.0 (Windows NT 6.1; Win64; x64; rv:61.0) Gecko/20100101 Firefox/61.0',
  'host' => 'dev.tp5_1.com',
)
[ info ] [ PARAM ] array (
  'id' => '88',
)
[ info ] [ DB ] INIT mysql
[ sql ] [ DB ] CONNECT:[ UseTime:0.002001s ] mysql:host=127.0.0.1;port=3306;dbname=works;charset=utf8
[ sql ] [ SQL ] SHOW COLUMNS FROM `mh_admin` [ RunTime:0.022001s ]
[ sql ] [ SQL ] SELECT * FROM `mh_admin` WHERE  `id` = 1 LIMIT 1 [ RunTime:0.001000s ]
