---------------------------------------------------------------
[ 2018-08-30T14:57:26+08:00 ] 10.0.0.97 GET dev.tp5_1.com/
[运行时间：2.382136s] [吞吐率：0.42req/s] [内存消耗：1,275.94kb] [文件加载：58]
[ info ] [ LANG ] E:\phpstudy\WWW\tp5\thinkphp\lang\zh-cn.php
[ info ] [ ROUTE ] array (
)
[ info ] [ HEADER ] array (
  'upgrade-insecure-requests' => '1',
  'connection' => 'close',
  'cookie' => 'thinkphp_show_page_trace=0|0',
  'accept-encoding' => 'gzip, deflate',
  'accept-language' => 'zh-CN,zh;q=0.8,zh-TW;q=0.7,zh-HK;q=0.5,en-US;q=0.3,en;q=0.2',
  'accept' => 'text/html,application/xhtml+xml,application/xml;q=0.9,*/*;q=0.8',
  'user-agent' => 'Mozilla/5.0 (Windows NT 6.1; Win64; x64; rv:61.0) Gecko/20100101 Firefox/61.0',
  'host' => 'dev.tp5_1.com',
)
[ info ] [ PARAM ] array (
)
---------------------------------------------------------------
[ 2018-08-30T15:11:19+08:00 ] 10.0.0.97 GET dev.tp5_1.com/
[运行时间：0.032002s] [吞吐率：31.25req/s] [内存消耗：1,276.60kb] [文件加载：58]
[ info ] [ LANG ] E:\phpstudy\WWW\tp5\thinkphp\lang\zh-cn.php
[ info ] [ ROUTE ] array (
)
[ info ] [ HEADER ] array (
  'cache-control' => 'max-age=0',
  'upgrade-insecure-requests' => '1',
  'connection' => 'close',
  'cookie' => 'thinkphp_show_page_trace=0|0',
  'accept-encoding' => 'gzip, deflate',
  'accept-language' => 'zh-CN,zh;q=0.8,zh-TW;q=0.7,zh-HK;q=0.5,en-US;q=0.3,en;q=0.2',
  'accept' => 'text/html,application/xhtml+xml,application/xml;q=0.9,*/*;q=0.8',
  'user-agent' => 'Mozilla/5.0 (Windows NT 6.1; Win64; x64; rv:61.0) Gecko/20100101 Firefox/61.0',
  'host' => 'dev.tp5_1.com',
)
[ info ] [ PARAM ] array (
)
